make[1]: Entering directory '/leonardo/home/userexternal/fgiulian/programs/LAMMPS_2017_mod/src/Obj_mpi_leo_dcgp'
cc -O -o fastdep.exe ../DEPEND/fastdep.c
make[1]: Leaving directory '/leonardo/home/userexternal/fgiulian/programs/LAMMPS_2017_mod/src/Obj_mpi_leo_dcgp'
make[1]: Entering directory '/leonardo/home/userexternal/fgiulian/programs/LAMMPS_2017_mod/src/Obj_mpi_leo_dcgp'
mpiicpc -cxx=icpx -g -O3   -DLAMMPS_GZIP -DLAMMPS_MEMALIGN=64  -DMPICH_SKIP_MPICXX -DOMPI_SKIP_MPICXX=1    -c ../compute_cnp_atom.cpp
mpiicpc -cxx=icpx -g -O3   -DLAMMPS_GZIP -DLAMMPS_MEMALIGN=64  -DMPICH_SKIP_MPICXX -DOMPI_SKIP_MPICXX=1    -c ../compute_cluster_atom.cpp
mpiicpc -cxx=icpx -g -O3   -DLAMMPS_GZIP -DLAMMPS_MEMALIGN=64  -DMPICH_SKIP_MPICXX -DOMPI_SKIP_MPICXX=1    -c ../npair_half_respa_bin_newtoff.cpp
mpiicpc -cxx=icpx -g -O3   -DLAMMPS_GZIP -DLAMMPS_MEMALIGN=64  -DMPICH_SKIP_MPICXX -DOMPI_SKIP_MPICXX=1    -c ../pair_born_coul_dsf.cpp
mpiicpc -cxx=icpx -g -O3   -DLAMMPS_GZIP -DLAMMPS_MEMALIGN=64  -DMPICH_SKIP_MPICXX -DOMPI_SKIP_MPICXX=1    -c ../dihedral_nharmonic.cpp
mpiicpc -cxx=icpx -g -O3   -DLAMMPS_GZIP -DLAMMPS_MEMALIGN=64  -DMPICH_SKIP_MPICXX -DOMPI_SKIP_MPICXX=1    -c ../compute_erotate_sphere.cpp
mpiicpc -cxx=icpx -g -O3   -DLAMMPS_GZIP -DLAMMPS_MEMALIGN=64  -DMPICH_SKIP_MPICXX -DOMPI_SKIP_MPICXX=1    -c ../npair_skip.cpp
mpiicpc -cxx=icpx -g -O3   -DLAMMPS_GZIP -DLAMMPS_MEMALIGN=64  -DMPICH_SKIP_MPICXX -DOMPI_SKIP_MPICXX=1    -c ../fix_external.cpp
mpiicpc -cxx=icpx -g -O3   -DLAMMPS_GZIP -DLAMMPS_MEMALIGN=64  -DMPICH_SKIP_MPICXX -DOMPI_SKIP_MPICXX=1    -c ../math_special.cpp
mpiicpc -cxx=icpx -g -O3   -DLAMMPS_GZIP -DLAMMPS_MEMALIGN=64  -DMPICH_SKIP_MPICXX -DOMPI_SKIP_MPICXX=1    -c ../finish.cpp
mpiicpc -cxx=icpx -g -O3   -DLAMMPS_GZIP -DLAMMPS_MEMALIGN=64  -DMPICH_SKIP_MPICXX -DOMPI_SKIP_MPICXX=1    -c ../variable.cpp
mpiicpc -cxx=icpx -g -O3   -DLAMMPS_GZIP -DLAMMPS_MEMALIGN=64  -DMPICH_SKIP_MPICXX -DOMPI_SKIP_MPICXX=1    -c ../image.cpp
mpiicpc -cxx=icpx -g -O3   -DLAMMPS_GZIP -DLAMMPS_MEMALIGN=64  -DMPICH_SKIP_MPICXX -DOMPI_SKIP_MPICXX=1    -c ../pair_momb.cpp
mpiicpc -cxx=icpx -g -O3   -DLAMMPS_GZIP -DLAMMPS_MEMALIGN=64  -DMPICH_SKIP_MPICXX -DOMPI_SKIP_MPICXX=1    -c ../fix_ave_histo.cpp
mpiicpc -cxx=icpx -g -O3   -DLAMMPS_GZIP -DLAMMPS_MEMALIGN=64  -DMPICH_SKIP_MPICXX -DOMPI_SKIP_MPICXX=1    -c ../bond.cpp
mpiicpc -cxx=icpx -g -O3   -DLAMMPS_GZIP -DLAMMPS_MEMALIGN=64  -DMPICH_SKIP_MPICXX -DOMPI_SKIP_MPICXX=1    -c ../displace_atoms.cpp
mpiicpc -cxx=icpx -g -O3   -DLAMMPS_GZIP -DLAMMPS_MEMALIGN=64  -DMPICH_SKIP_MPICXX -DOMPI_SKIP_MPICXX=1    -c ../reader_xyz.cpp
mpiicpc -cxx=icpx -g -O3   -DLAMMPS_GZIP -DLAMMPS_MEMALIGN=64  -DMPICH_SKIP_MPICXX -DOMPI_SKIP_MPICXX=1    -c ../pair_morse_smooth_linear.cpp
mpiicpc -cxx=icpx -g -O3   -DLAMMPS_GZIP -DLAMMPS_MEMALIGN=64  -DMPICH_SKIP_MPICXX -DOMPI_SKIP_MPICXX=1    -c ../fix_viscous.cpp
mpiicpc -cxx=icpx -g -O3   -DLAMMPS_GZIP -DLAMMPS_MEMALIGN=64  -DMPICH_SKIP_MPICXX -DOMPI_SKIP_MPICXX=1    -c ../fix_deform.cpp
mpiicpc -cxx=icpx -g -O3   -DLAMMPS_GZIP -DLAMMPS_MEMALIGN=64  -DMPICH_SKIP_MPICXX -DOMPI_SKIP_MPICXX=1    -c ../bond_harmonic_shift.cpp
mpiicpc -cxx=icpx -g -O3   -DLAMMPS_GZIP -DLAMMPS_MEMALIGN=64  -DMPICH_SKIP_MPICXX -DOMPI_SKIP_MPICXX=1    -c ../atom.cpp
mpiicpc -cxx=icpx -g -O3   -DLAMMPS_GZIP -DLAMMPS_MEMALIGN=64  -DMPICH_SKIP_MPICXX -DOMPI_SKIP_MPICXX=1    -c ../nstencil_half_multi_2d_newton.cpp
mpiicpc -cxx=icpx -g -O3   -DLAMMPS_GZIP -DLAMMPS_MEMALIGN=64  -DMPICH_SKIP_MPICXX -DOMPI_SKIP_MPICXX=1    -c ../fix_wall_harmonic.cpp
mpiicpc -cxx=icpx -g -O3   -DLAMMPS_GZIP -DLAMMPS_MEMALIGN=64  -DMPICH_SKIP_MPICXX -DOMPI_SKIP_MPICXX=1    -c ../compute_chunk_atom.cpp
mpiicpc -cxx=icpx -g -O3   -DLAMMPS_GZIP -DLAMMPS_MEMALIGN=64  -DMPICH_SKIP_MPICXX -DOMPI_SKIP_MPICXX=1    -c ../npair_half_size_bin_newtoff.cpp
mpiicpc -cxx=icpx -g -O3   -DLAMMPS_GZIP -DLAMMPS_MEMALIGN=64  -DMPICH_SKIP_MPICXX -DOMPI_SKIP_MPICXX=1    -c ../math_extra.cpp
mpiicpc -cxx=icpx -g -O3   -DLAMMPS_GZIP -DLAMMPS_MEMALIGN=64  -DMPICH_SKIP_MPICXX -DOMPI_SKIP_MPICXX=1    -c ../nstencil_half_bin_3d_newtoff.cpp
mpiicpc -cxx=icpx -g -O3   -DLAMMPS_GZIP -DLAMMPS_MEMALIGN=64  -DMPICH_SKIP_MPICXX -DOMPI_SKIP_MPICXX=1    -c ../npair_half_size_nsq_newtoff.cpp
mpiicpc -cxx=icpx -g -O3   -DLAMMPS_GZIP -DLAMMPS_MEMALIGN=64  -DMPICH_SKIP_MPICXX -DOMPI_SKIP_MPICXX=1    -c ../pair_buck.cpp
mpiicpc -cxx=icpx -g -O3   -DLAMMPS_GZIP -DLAMMPS_MEMALIGN=64  -DMPICH_SKIP_MPICXX -DOMPI_SKIP_MPICXX=1    -c ../min.cpp
mpiicpc -cxx=icpx -g -O3   -DLAMMPS_GZIP -DLAMMPS_MEMALIGN=64  -DMPICH_SKIP_MPICXX -DOMPI_SKIP_MPICXX=1    -c ../fix_drag.cpp
mpiicpc -cxx=icpx -g -O3   -DLAMMPS_GZIP -DLAMMPS_MEMALIGN=64  -DMPICH_SKIP_MPICXX -DOMPI_SKIP_MPICXX=1    -c ../fix_ave_correlate_long.cpp
mpiicpc -cxx=icpx -g -O3   -DLAMMPS_GZIP -DLAMMPS_MEMALIGN=64  -DMPICH_SKIP_MPICXX -DOMPI_SKIP_MPICXX=1    -c ../temper_grem.cpp
mpiicpc -cxx=icpx -g -O3   -DLAMMPS_GZIP -DLAMMPS_MEMALIGN=64  -DMPICH_SKIP_MPICXX -DOMPI_SKIP_MPICXX=1    -c ../compute_rdf.cpp
mpiicpc -cxx=icpx -g -O3   -DLAMMPS_GZIP -DLAMMPS_MEMALIGN=64  -DMPICH_SKIP_MPICXX -DOMPI_SKIP_MPICXX=1    -c ../npair_full_multi.cpp
mpiicpc -cxx=icpx -g -O3   -DLAMMPS_GZIP -DLAMMPS_MEMALIGN=64  -DMPICH_SKIP_MPICXX -DOMPI_SKIP_MPICXX=1    -c ../fix_setforce.cpp
mpiicpc -cxx=icpx -g -O3   -DLAMMPS_GZIP -DLAMMPS_MEMALIGN=64  -DMPICH_SKIP_MPICXX -DOMPI_SKIP_MPICXX=1    -c ../lattice.cpp
mpiicpc -cxx=icpx -g -O3   -DLAMMPS_GZIP -DLAMMPS_MEMALIGN=64  -DMPICH_SKIP_MPICXX -DOMPI_SKIP_MPICXX=1    -c ../write_dump.cpp
mpiicpc -cxx=icpx -g -O3   -DLAMMPS_GZIP -DLAMMPS_MEMALIGN=64  -DMPICH_SKIP_MPICXX -DOMPI_SKIP_MPICXX=1    -c ../npair_full_nsq.cpp
mpiicpc -cxx=icpx -g -O3   -DLAMMPS_GZIP -DLAMMPS_MEMALIGN=64  -DMPICH_SKIP_MPICXX -DOMPI_SKIP_MPICXX=1    -c ../input.cpp
mpiicpc -cxx=icpx -g -O3   -DLAMMPS_GZIP -DLAMMPS_MEMALIGN=64  -DMPICH_SKIP_MPICXX -DOMPI_SKIP_MPICXX=1    -c ../npair_full_bin_atomonly.cpp
mpiicpc -cxx=icpx -g -O3   -DLAMMPS_GZIP -DLAMMPS_MEMALIGN=64  -DMPICH_SKIP_MPICXX -DOMPI_SKIP_MPICXX=1    -c ../compute_angle_local.cpp
mpiicpc -cxx=icpx -g -O3   -DLAMMPS_GZIP -DLAMMPS_MEMALIGN=64  -DMPICH_SKIP_MPICXX -DOMPI_SKIP_MPICXX=1    -c ../pair_buck_mdf.cpp
mpiicpc -cxx=icpx -g -O3   -DLAMMPS_GZIP -DLAMMPS_MEMALIGN=64  -DMPICH_SKIP_MPICXX -DOMPI_SKIP_MPICXX=1    -c ../region_plane.cpp
mpiicpc -cxx=icpx -g -O3   -DLAMMPS_GZIP -DLAMMPS_MEMALIGN=64  -DMPICH_SKIP_MPICXX -DOMPI_SKIP_MPICXX=1    -c ../npair_halffull_newton.cpp
mpiicpc -cxx=icpx -g -O3   -DLAMMPS_GZIP -DLAMMPS_MEMALIGN=64  -DMPICH_SKIP_MPICXX -DOMPI_SKIP_MPICXX=1    -c ../fix_nph_sphere.cpp
mpiicpc -cxx=icpx -g -O3   -DLAMMPS_GZIP -DLAMMPS_MEMALIGN=64  -DMPICH_SKIP_MPICXX -DOMPI_SKIP_MPICXX=1    -c ../fix_lineforce.cpp
mpiicpc -cxx=icpx -g -O3   -DLAMMPS_GZIP -DLAMMPS_MEMALIGN=64  -DMPICH_SKIP_MPICXX -DOMPI_SKIP_MPICXX=1    -c ../fix_wall_region.cpp
mpiicpc -cxx=icpx -g -O3   -DLAMMPS_GZIP -DLAMMPS_MEMALIGN=64  -DMPICH_SKIP_MPICXX -DOMPI_SKIP_MPICXX=1    -c ../min_fire.cpp
mpiicpc -cxx=icpx -g -O3   -DLAMMPS_GZIP -DLAMMPS_MEMALIGN=64  -DMPICH_SKIP_MPICXX -DOMPI_SKIP_MPICXX=1    -c ../create_box.cpp
mpiicpc -cxx=icpx -g -O3   -DLAMMPS_GZIP -DLAMMPS_MEMALIGN=64  -DMPICH_SKIP_MPICXX -DOMPI_SKIP_MPICXX=1    -c ../pair_lj_expand.cpp
mpiicpc -cxx=icpx -g -O3   -DLAMMPS_GZIP -DLAMMPS_MEMALIGN=64  -DMPICH_SKIP_MPICXX -DOMPI_SKIP_MPICXX=1    -c ../fix_wall.cpp
mpiicpc -cxx=icpx -g -O3   -DLAMMPS_GZIP -DLAMMPS_MEMALIGN=64  -DMPICH_SKIP_MPICXX -DOMPI_SKIP_MPICXX=1    -c ../pair_d3.cpp
mpiicpc -cxx=icpx -g -O3   -DLAMMPS_GZIP -DLAMMPS_MEMALIGN=64  -DMPICH_SKIP_MPICXX -DOMPI_SKIP_MPICXX=1    -c ../nstencil_half_ghost_bin_2d_newtoff.cpp
mpiicpc -cxx=icpx -g -O3   -DLAMMPS_GZIP -DLAMMPS_MEMALIGN=64  -DMPICH_SKIP_MPICXX -DOMPI_SKIP_MPICXX=1    -c ../update.cpp
mpiicpc -cxx=icpx -g -O3   -DLAMMPS_GZIP -DLAMMPS_MEMALIGN=64  -DMPICH_SKIP_MPICXX -DOMPI_SKIP_MPICXX=1    -c ../pair_lj_gromacs_coul_gromacs.cpp
mpiicpc -cxx=icpx -g -O3   -DLAMMPS_GZIP -DLAMMPS_MEMALIGN=64  -DMPICH_SKIP_MPICXX -DOMPI_SKIP_MPICXX=1    -c ../atom_vec_line.cpp
mpiicpc -cxx=icpx -g -O3   -DLAMMPS_GZIP -DLAMMPS_MEMALIGN=64  -DMPICH_SKIP_MPICXX -DOMPI_SKIP_MPICXX=1    -c ../fix_nph.cpp
mpiicpc -cxx=icpx -g -O3   -DLAMMPS_GZIP -DLAMMPS_MEMALIGN=64  -DMPICH_SKIP_MPICXX -DOMPI_SKIP_MPICXX=1    -c ../pair_lj96_cut.cpp
mpiicpc -cxx=icpx -g -O3   -DLAMMPS_GZIP -DLAMMPS_MEMALIGN=64  -DMPICH_SKIP_MPICXX -DOMPI_SKIP_MPICXX=1    -c ../fix_wall_lj1043.cpp
mpiicpc -cxx=icpx -g -O3   -DLAMMPS_GZIP -DLAMMPS_MEMALIGN=64  -DMPICH_SKIP_MPICXX -DOMPI_SKIP_MPICXX=1    -c ../pair_beck.cpp
mpiicpc -cxx=icpx -g -O3   -DLAMMPS_GZIP -DLAMMPS_MEMALIGN=64  -DMPICH_SKIP_MPICXX -DOMPI_SKIP_MPICXX=1    -c ../compute_pair_local.cpp
mpiicpc -cxx=icpx -g -O3   -DLAMMPS_GZIP -DLAMMPS_MEMALIGN=64  -DMPICH_SKIP_MPICXX -DOMPI_SKIP_MPICXX=1    -c ../imbalance_var.cpp
mpiicpc -cxx=icpx -g -O3   -DLAMMPS_GZIP -DLAMMPS_MEMALIGN=64  -DMPICH_SKIP_MPICXX -DOMPI_SKIP_MPICXX=1    -c ../compute_vacf.cpp
mpiicpc -cxx=icpx -g -O3   -DLAMMPS_GZIP -DLAMMPS_MEMALIGN=64  -DMPICH_SKIP_MPICXX -DOMPI_SKIP_MPICXX=1    -c ../fix_filter_corotate.cpp
mpiicpc -cxx=icpx -g -O3   -DLAMMPS_GZIP -DLAMMPS_MEMALIGN=64  -DMPICH_SKIP_MPICXX -DOMPI_SKIP_MPICXX=1    -c ../npair_half_bin_newton_tri.cpp
mpiicpc -cxx=icpx -g -O3   -DLAMMPS_GZIP -DLAMMPS_MEMALIGN=64  -DMPICH_SKIP_MPICXX -DOMPI_SKIP_MPICXX=1    -c ../nbin.cpp
mpiicpc -cxx=icpx -g -O3   -DLAMMPS_GZIP -DLAMMPS_MEMALIGN=64  -DMPICH_SKIP_MPICXX -DOMPI_SKIP_MPICXX=1    -c ../create_bonds.cpp
mpiicpc -cxx=icpx -g -O3   -DLAMMPS_GZIP -DLAMMPS_MEMALIGN=64  -DMPICH_SKIP_MPICXX -DOMPI_SKIP_MPICXX=1    -c ../fix_addforce.cpp
mpiicpc -cxx=icpx -g -O3   -DLAMMPS_GZIP -DLAMMPS_MEMALIGN=64  -DMPICH_SKIP_MPICXX -DOMPI_SKIP_MPICXX=1    -c ../write_data.cpp
mpiicpc -cxx=icpx -g -O3   -DLAMMPS_GZIP -DLAMMPS_MEMALIGN=64  -DMPICH_SKIP_MPICXX -DOMPI_SKIP_MPICXX=1    -c ../fix_ave_histo_weight.cpp
mpiicpc -cxx=icpx -g -O3   -DLAMMPS_GZIP -DLAMMPS_MEMALIGN=64  -DMPICH_SKIP_MPICXX -DOMPI_SKIP_MPICXX=1    -c ../pair_meam_sw_spline.cpp
mpiicpc -cxx=icpx -g -O3   -DLAMMPS_GZIP -DLAMMPS_MEMALIGN=64  -DMPICH_SKIP_MPICXX -DOMPI_SKIP_MPICXX=1    -c ../fix_store_force.cpp
mpiicpc -cxx=icpx -g -O3   -DLAMMPS_GZIP -DLAMMPS_MEMALIGN=64  -DMPICH_SKIP_MPICXX -DOMPI_SKIP_MPICXX=1    -c ../universe.cpp
mpiicpc -cxx=icpx -g -O3   -DLAMMPS_GZIP -DLAMMPS_MEMALIGN=64  -DMPICH_SKIP_MPICXX -DOMPI_SKIP_MPICXX=1    -c ../fix_nvk.cpp
mpiicpc -cxx=icpx -g -O3   -DLAMMPS_GZIP -DLAMMPS_MEMALIGN=64  -DMPICH_SKIP_MPICXX -DOMPI_SKIP_MPICXX=1    -c ../compute_vcm_chunk.cpp
mpiicpc -cxx=icpx -g -O3   -DLAMMPS_GZIP -DLAMMPS_MEMALIGN=64  -DMPICH_SKIP_MPICXX -DOMPI_SKIP_MPICXX=1    -c ../compute_temp_profile.cpp
mpiicpc -cxx=icpx -g -O3   -DLAMMPS_GZIP -DLAMMPS_MEMALIGN=64  -DMPICH_SKIP_MPICXX -DOMPI_SKIP_MPICXX=1    -c ../compute_property_chunk.cpp
mpiicpc -cxx=icpx -g -O3   -DLAMMPS_GZIP -DLAMMPS_MEMALIGN=64  -DMPICH_SKIP_MPICXX -DOMPI_SKIP_MPICXX=1    -c ../compute_coord_atom.cpp
mpiicpc -cxx=icpx -g -O3   -DLAMMPS_GZIP -DLAMMPS_MEMALIGN=64  -DMPICH_SKIP_MPICXX -DOMPI_SKIP_MPICXX=1    -c ../special.cpp
mpiicpc -cxx=icpx -g -O3   -DLAMMPS_GZIP -DLAMMPS_MEMALIGN=64  -DMPICH_SKIP_MPICXX -DOMPI_SKIP_MPICXX=1    -c ../pair_coul_diel.cpp
mpiicpc -cxx=icpx -g -O3   -DLAMMPS_GZIP -DLAMMPS_MEMALIGN=64  -DMPICH_SKIP_MPICXX -DOMPI_SKIP_MPICXX=1    -c ../compute_ke_atom.cpp
mpiicpc -cxx=icpx -g -O3   -DLAMMPS_GZIP -DLAMMPS_MEMALIGN=64  -DMPICH_SKIP_MPICXX -DOMPI_SKIP_MPICXX=1    -c ../respa.cpp
mpiicpc -cxx=icpx -g -O3   -DLAMMPS_GZIP -DLAMMPS_MEMALIGN=64  -DMPICH_SKIP_MPICXX -DOMPI_SKIP_MPICXX=1    -c ../dihedral_quadratic.cpp
mpiicpc -cxx=icpx -g -O3   -DLAMMPS_GZIP -DLAMMPS_MEMALIGN=64  -DMPICH_SKIP_MPICXX -DOMPI_SKIP_MPICXX=1    -c ../npair_copy.cpp
mpiicpc -cxx=icpx -g -O3   -DLAMMPS_GZIP -DLAMMPS_MEMALIGN=64  -DMPICH_SKIP_MPICXX -DOMPI_SKIP_MPICXX=1    -c ../fix_ave_time.cpp
mpiicpc -cxx=icpx -g -O3   -DLAMMPS_GZIP -DLAMMPS_MEMALIGN=64  -DMPICH_SKIP_MPICXX -DOMPI_SKIP_MPICXX=1    -c ../compute_temp_chunk.cpp
mpiicpc -cxx=icpx -g -O3   -DLAMMPS_GZIP -DLAMMPS_MEMALIGN=64  -DMPICH_SKIP_MPICXX -DOMPI_SKIP_MPICXX=1    -c ../fix_minimize.cpp
mpiicpc -cxx=icpx -g -O3   -DLAMMPS_GZIP -DLAMMPS_MEMALIGN=64  -DMPICH_SKIP_MPICXX -DOMPI_SKIP_MPICXX=1    -c ../ntopo_improper_all.cpp
mpiicpc -cxx=icpx -g -O3   -DLAMMPS_GZIP -DLAMMPS_MEMALIGN=64  -DMPICH_SKIP_MPICXX -DOMPI_SKIP_MPICXX=1    -c ../angle_quartic.cpp
mpiicpc -cxx=icpx -g -O3   -DLAMMPS_GZIP -DLAMMPS_MEMALIGN=64  -DMPICH_SKIP_MPICXX -DOMPI_SKIP_MPICXX=1    -c ../pair_gauss.cpp
mpiicpc -cxx=icpx -g -O3   -DLAMMPS_GZIP -DLAMMPS_MEMALIGN=64  -DMPICH_SKIP_MPICXX -DOMPI_SKIP_MPICXX=1    -c ../change_box.cpp
mpiicpc -cxx=icpx -g -O3   -DLAMMPS_GZIP -DLAMMPS_MEMALIGN=64  -DMPICH_SKIP_MPICXX -DOMPI_SKIP_MPICXX=1    -c ../angle_fourier_simple.cpp
mpiicpc -cxx=icpx -g -O3   -DLAMMPS_GZIP -DLAMMPS_MEMALIGN=64  -DMPICH_SKIP_MPICXX -DOMPI_SKIP_MPICXX=1    -c ../region_prism.cpp
mpiicpc -cxx=icpx -g -O3   -DLAMMPS_GZIP -DLAMMPS_MEMALIGN=64  -DMPICH_SKIP_MPICXX -DOMPI_SKIP_MPICXX=1    -c ../atom_vec_body.cpp
mpiicpc -cxx=icpx -g -O3   -DLAMMPS_GZIP -DLAMMPS_MEMALIGN=64  -DMPICH_SKIP_MPICXX -DOMPI_SKIP_MPICXX=1    -c ../compute_omega_chunk.cpp
mpiicpc -cxx=icpx -g -O3   -DLAMMPS_GZIP -DLAMMPS_MEMALIGN=64  -DMPICH_SKIP_MPICXX -DOMPI_SKIP_MPICXX=1    -c ../npair_full_bin_ghost.cpp
mpiicpc -cxx=icpx -g -O3   -DLAMMPS_GZIP -DLAMMPS_MEMALIGN=64  -DMPICH_SKIP_MPICXX -DOMPI_SKIP_MPICXX=1    -c ../fix_spring.cpp
mpiicpc -cxx=icpx -g -O3   -DLAMMPS_GZIP -DLAMMPS_MEMALIGN=64  -DMPICH_SKIP_MPICXX -DOMPI_SKIP_MPICXX=1    -c ../nstencil_full_multi_2d.cpp
mpiicpc -cxx=icpx -g -O3   -DLAMMPS_GZIP -DLAMMPS_MEMALIGN=64  -DMPICH_SKIP_MPICXX -DOMPI_SKIP_MPICXX=1    -c ../pair_hybrid_overlay.cpp
mpiicpc -cxx=icpx -g -O3   -DLAMMPS_GZIP -DLAMMPS_MEMALIGN=64  -DMPICH_SKIP_MPICXX -DOMPI_SKIP_MPICXX=1    -c ../comm.cpp
mpiicpc -cxx=icpx -g -O3   -DLAMMPS_GZIP -DLAMMPS_MEMALIGN=64  -DMPICH_SKIP_MPICXX -DOMPI_SKIP_MPICXX=1    -c ../npair_half_respa_nsq_newton.cpp
mpiicpc -cxx=icpx -g -O3   -DLAMMPS_GZIP -DLAMMPS_MEMALIGN=64  -DMPICH_SKIP_MPICXX -DOMPI_SKIP_MPICXX=1    -c ../atom_vec_sphere.cpp
mpiicpc -cxx=icpx -g -O3   -DLAMMPS_GZIP -DLAMMPS_MEMALIGN=64  -DMPICH_SKIP_MPICXX -DOMPI_SKIP_MPICXX=1    -c ../run.cpp
mpiicpc -cxx=icpx -g -O3   -DLAMMPS_GZIP -DLAMMPS_MEMALIGN=64  -DMPICH_SKIP_MPICXX -DOMPI_SKIP_MPICXX=1    -c ../group.cpp
mpiicpc -cxx=icpx -g -O3   -DLAMMPS_GZIP -DLAMMPS_MEMALIGN=64  -DMPICH_SKIP_MPICXX -DOMPI_SKIP_MPICXX=1    -c ../fix_flow_gauss.cpp
mpiicpc -cxx=icpx -g -O3   -DLAMMPS_GZIP -DLAMMPS_MEMALIGN=64  -DMPICH_SKIP_MPICXX -DOMPI_SKIP_MPICXX=1    -c ../dump_xyz.cpp
mpiicpc -cxx=icpx -g -O3   -DLAMMPS_GZIP -DLAMMPS_MEMALIGN=64  -DMPICH_SKIP_MPICXX -DOMPI_SKIP_MPICXX=1    -c ../fix_balance.cpp
mpiicpc -cxx=icpx -g -O3   -DLAMMPS_GZIP -DLAMMPS_MEMALIGN=64  -DMPICH_SKIP_MPICXX -DOMPI_SKIP_MPICXX=1    -c ../fix_nvt.cpp
mpiicpc -cxx=icpx -g -O3   -DLAMMPS_GZIP -DLAMMPS_MEMALIGN=64  -DMPICH_SKIP_MPICXX -DOMPI_SKIP_MPICXX=1    -c ../pair_coul_wolf.cpp
mpiicpc -cxx=icpx -g -O3   -DLAMMPS_GZIP -DLAMMPS_MEMALIGN=64  -DMPICH_SKIP_MPICXX -DOMPI_SKIP_MPICXX=1    -c ../pair_coul_debye.cpp
mpiicpc -cxx=icpx -g -O3   -DLAMMPS_GZIP -DLAMMPS_MEMALIGN=64  -DMPICH_SKIP_MPICXX -DOMPI_SKIP_MPICXX=1    -c ../fix_nve_limit.cpp
mpiicpc -cxx=icpx -g -O3   -DLAMMPS_GZIP -DLAMMPS_MEMALIGN=64  -DMPICH_SKIP_MPICXX -DOMPI_SKIP_MPICXX=1    -c ../fix_temp_berendsen.cpp
mpiicpc -cxx=icpx -g -O3   -DLAMMPS_GZIP -DLAMMPS_MEMALIGN=64  -DMPICH_SKIP_MPICXX -DOMPI_SKIP_MPICXX=1    -c ../ntopo_angle_all.cpp
mpiicpc -cxx=icpx -g -O3   -DLAMMPS_GZIP -DLAMMPS_MEMALIGN=64  -DMPICH_SKIP_MPICXX -DOMPI_SKIP_MPICXX=1    -c ../pair_born.cpp
mpiicpc -cxx=icpx -g -O3   -DLAMMPS_GZIP -DLAMMPS_MEMALIGN=64  -DMPICH_SKIP_MPICXX -DOMPI_SKIP_MPICXX=1    -c ../fix_ave_chunk.cpp
mpiicpc -cxx=icpx -g -O3   -DLAMMPS_GZIP -DLAMMPS_MEMALIGN=64  -DMPICH_SKIP_MPICXX -DOMPI_SKIP_MPICXX=1    -c ../compute_msd.cpp
mpiicpc -cxx=icpx -g -O3   -DLAMMPS_GZIP -DLAMMPS_MEMALIGN=64  -DMPICH_SKIP_MPICXX -DOMPI_SKIP_MPICXX=1    -c ../memory.cpp
mpiicpc -cxx=icpx -g -O3   -DLAMMPS_GZIP -DLAMMPS_MEMALIGN=64  -DMPICH_SKIP_MPICXX -DOMPI_SKIP_MPICXX=1    -c ../fix_addtorque.cpp
mpiicpc -cxx=icpx -g -O3   -DLAMMPS_GZIP -DLAMMPS_MEMALIGN=64  -DMPICH_SKIP_MPICXX -DOMPI_SKIP_MPICXX=1    -c ../fix_aveforce.cpp
mpiicpc -cxx=icpx -g -O3   -DLAMMPS_GZIP -DLAMMPS_MEMALIGN=64  -DMPICH_SKIP_MPICXX -DOMPI_SKIP_MPICXX=1    -c ../fix_spring_rg.cpp
mpiicpc -cxx=icpx -g -O3   -DLAMMPS_GZIP -DLAMMPS_MEMALIGN=64  -DMPICH_SKIP_MPICXX -DOMPI_SKIP_MPICXX=1    -c ../npair_half_nsq_newton.cpp
mpiicpc -cxx=icpx -g -O3   -DLAMMPS_GZIP -DLAMMPS_MEMALIGN=64  -DMPICH_SKIP_MPICXX -DOMPI_SKIP_MPICXX=1    -c ../compute_com_chunk.cpp
mpiicpc -cxx=icpx -g -O3   -DLAMMPS_GZIP -DLAMMPS_MEMALIGN=64  -DMPICH_SKIP_MPICXX -DOMPI_SKIP_MPICXX=1    -c ../rerun.cpp
mpiicpc -cxx=icpx -g -O3   -DLAMMPS_GZIP -DLAMMPS_MEMALIGN=64  -DMPICH_SKIP_MPICXX -DOMPI_SKIP_MPICXX=1    -c ../nstencil_half_multi_3d_newton.cpp
mpiicpc -cxx=icpx -g -O3   -DLAMMPS_GZIP -DLAMMPS_MEMALIGN=64  -DMPICH_SKIP_MPICXX -DOMPI_SKIP_MPICXX=1    -c ../npair_half_multi_newton_tri.cpp
mpiicpc -cxx=icpx -g -O3   -DLAMMPS_GZIP -DLAMMPS_MEMALIGN=64  -DMPICH_SKIP_MPICXX -DOMPI_SKIP_MPICXX=1    -c ../min_linesearch.cpp
mpiicpc -cxx=icpx -g -O3   -DLAMMPS_GZIP -DLAMMPS_MEMALIGN=64  -DMPICH_SKIP_MPICXX -DOMPI_SKIP_MPICXX=1    -c ../fix_move.cpp
mpiicpc -cxx=icpx -g -O3   -DLAMMPS_GZIP -DLAMMPS_MEMALIGN=64  -DMPICH_SKIP_MPICXX -DOMPI_SKIP_MPICXX=1    -c ../fix_nve_sphere.cpp
mpiicpc -cxx=icpx -g -O3   -DLAMMPS_GZIP -DLAMMPS_MEMALIGN=64  -DMPICH_SKIP_MPICXX -DOMPI_SKIP_MPICXX=1    -c ../region_cone.cpp
mpiicpc -cxx=icpx -g -O3   -DLAMMPS_GZIP -DLAMMPS_MEMALIGN=64  -DMPICH_SKIP_MPICXX -DOMPI_SKIP_MPICXX=1    -c ../fix_imd.cpp
mpiicpc -cxx=icpx -g -O3   -DLAMMPS_GZIP -DLAMMPS_MEMALIGN=64  -DMPICH_SKIP_MPICXX -DOMPI_SKIP_MPICXX=1    -c ../create_atoms.cpp
mpiicpc -cxx=icpx -g -O3   -DLAMMPS_GZIP -DLAMMPS_MEMALIGN=64  -DMPICH_SKIP_MPICXX -DOMPI_SKIP_MPICXX=1    -c ../imbalance_neigh.cpp
mpiicpc -cxx=icpx -g -O3   -DLAMMPS_GZIP -DLAMMPS_MEMALIGN=64  -DMPICH_SKIP_MPICXX -DOMPI_SKIP_MPICXX=1    -c ../ntopo.cpp
mpiicpc -cxx=icpx -g -O3   -DLAMMPS_GZIP -DLAMMPS_MEMALIGN=64  -DMPICH_SKIP_MPICXX -DOMPI_SKIP_MPICXX=1    -c ../atom_map.cpp
mpiicpc -cxx=icpx -g -O3   -DLAMMPS_GZIP -DLAMMPS_MEMALIGN=64  -DMPICH_SKIP_MPICXX -DOMPI_SKIP_MPICXX=1    -c ../replicate.cpp
mpiicpc -cxx=icpx -g -O3   -DLAMMPS_GZIP -DLAMMPS_MEMALIGN=64  -DMPICH_SKIP_MPICXX -DOMPI_SKIP_MPICXX=1    -c ../ntopo_angle_partial.cpp
mpiicpc -cxx=icpx -g -O3   -DLAMMPS_GZIP -DLAMMPS_MEMALIGN=64  -DMPICH_SKIP_MPICXX -DOMPI_SKIP_MPICXX=1    -c ../fix_nve.cpp
mpiicpc -cxx=icpx -g -O3   -DLAMMPS_GZIP -DLAMMPS_MEMALIGN=64  -DMPICH_SKIP_MPICXX -DOMPI_SKIP_MPICXX=1    -c ../fix_read_restart.cpp
mpiicpc -cxx=icpx -g -O3   -DLAMMPS_GZIP -DLAMMPS_MEMALIGN=64  -DMPICH_SKIP_MPICXX -DOMPI_SKIP_MPICXX=1    -c ../compute_com.cpp
mpiicpc -cxx=icpx -g -O3   -DLAMMPS_GZIP -DLAMMPS_MEMALIGN=64  -DMPICH_SKIP_MPICXX -DOMPI_SKIP_MPICXX=1    -c ../timer.cpp
mpiicpc -cxx=icpx -g -O3   -DLAMMPS_GZIP -DLAMMPS_MEMALIGN=64  -DMPICH_SKIP_MPICXX -DOMPI_SKIP_MPICXX=1    -c ../improper_hybrid.cpp
mpiicpc -cxx=icpx -g -O3   -DLAMMPS_GZIP -DLAMMPS_MEMALIGN=64  -DMPICH_SKIP_MPICXX -DOMPI_SKIP_MPICXX=1    -c ../fix_store.cpp
mpiicpc -cxx=icpx -g -O3   -DLAMMPS_GZIP -DLAMMPS_MEMALIGN=64  -DMPICH_SKIP_MPICXX -DOMPI_SKIP_MPICXX=1    -c ../nstencil_half_ghost_bin_3d_newtoff.cpp
mpiicpc -cxx=icpx -g -O3   -DLAMMPS_GZIP -DLAMMPS_MEMALIGN=64  -DMPICH_SKIP_MPICXX -DOMPI_SKIP_MPICXX=1    -c ../npair_halffull_newtoff.cpp
mpiicpc -cxx=icpx -g -O3   -DLAMMPS_GZIP -DLAMMPS_MEMALIGN=64  -DMPICH_SKIP_MPICXX -DOMPI_SKIP_MPICXX=1    -c ../min_quickmin.cpp
mpiicpc -cxx=icpx -g -O3   -DLAMMPS_GZIP -DLAMMPS_MEMALIGN=64  -DMPICH_SKIP_MPICXX -DOMPI_SKIP_MPICXX=1    -c ../pair_coul_dsf.cpp
mpiicpc -cxx=icpx -g -O3   -DLAMMPS_GZIP -DLAMMPS_MEMALIGN=64  -DMPICH_SKIP_MPICXX -DOMPI_SKIP_MPICXX=1    -c ../npair_full_nsq_ghost.cpp
mpiicpc -cxx=icpx -g -O3   -DLAMMPS_GZIP -DLAMMPS_MEMALIGN=64  -DMPICH_SKIP_MPICXX -DOMPI_SKIP_MPICXX=1    -c ../improper_zero.cpp
mpiicpc -cxx=icpx -g -O3   -DLAMMPS_GZIP -DLAMMPS_MEMALIGN=64  -DMPICH_SKIP_MPICXX -DOMPI_SKIP_MPICXX=1    -c ../compute_contact_atom.cpp
mpiicpc -cxx=icpx -g -O3   -DLAMMPS_GZIP -DLAMMPS_MEMALIGN=64  -DMPICH_SKIP_MPICXX -DOMPI_SKIP_MPICXX=1    -c ../region_sphere.cpp
mpiicpc -cxx=icpx -g -O3   -DLAMMPS_GZIP -DLAMMPS_MEMALIGN=64  -DMPICH_SKIP_MPICXX -DOMPI_SKIP_MPICXX=1    -c ../compute_temp_rotate.cpp
mpiicpc -cxx=icpx -g -O3   -DLAMMPS_GZIP -DLAMMPS_MEMALIGN=64  -DMPICH_SKIP_MPICXX -DOMPI_SKIP_MPICXX=1    -c ../pair_list.cpp
mpiicpc -cxx=icpx -g -O3   -DLAMMPS_GZIP -DLAMMPS_MEMALIGN=64  -DMPICH_SKIP_MPICXX -DOMPI_SKIP_MPICXX=1    -c ../dihedral_spherical.cpp
mpiicpc -cxx=icpx -g -O3   -DLAMMPS_GZIP -DLAMMPS_MEMALIGN=64  -DMPICH_SKIP_MPICXX -DOMPI_SKIP_MPICXX=1    -c ../fix_langevin.cpp
mpiicpc -cxx=icpx -g -O3   -DLAMMPS_GZIP -DLAMMPS_MEMALIGN=64  -DMPICH_SKIP_MPICXX -DOMPI_SKIP_MPICXX=1    -c ../compute_angmom_chunk.cpp
mpiicpc -cxx=icpx -g -O3   -DLAMMPS_GZIP -DLAMMPS_MEMALIGN=64  -DMPICH_SKIP_MPICXX -DOMPI_SKIP_MPICXX=1    -c ../body.cpp
mpiicpc -cxx=icpx -g -O3   -DLAMMPS_GZIP -DLAMMPS_MEMALIGN=64  -DMPICH_SKIP_MPICXX -DOMPI_SKIP_MPICXX=1    -c ../npair_full_bin.cpp
mpiicpc -cxx=icpx -g -O3   -DLAMMPS_GZIP -DLAMMPS_MEMALIGN=64  -DMPICH_SKIP_MPICXX -DOMPI_SKIP_MPICXX=1    -c ../fix_planeforce.cpp
mpiicpc -cxx=icpx -g -O3   -DLAMMPS_GZIP -DLAMMPS_MEMALIGN=64  -DMPICH_SKIP_MPICXX -DOMPI_SKIP_MPICXX=1    -c ../fix_ave_correlate.cpp
mpiicpc -cxx=icpx -g -O3   -DLAMMPS_GZIP -DLAMMPS_MEMALIGN=64  -DMPICH_SKIP_MPICXX -DOMPI_SKIP_MPICXX=1    -c ../compute_msd_chunk.cpp
mpiicpc -cxx=icpx -g -O3   -DLAMMPS_GZIP -DLAMMPS_MEMALIGN=64  -DMPICH_SKIP_MPICXX -DOMPI_SKIP_MPICXX=1    -c ../compute_cna_atom.cpp
mpiicpc -cxx=icpx -g -O3   -DLAMMPS_GZIP -DLAMMPS_MEMALIGN=64  -DMPICH_SKIP_MPICXX -DOMPI_SKIP_MPICXX=1    -c ../pair_gauss_cut.cpp
mpiicpc -cxx=icpx -g -O3   -DLAMMPS_GZIP -DLAMMPS_MEMALIGN=64  -DMPICH_SKIP_MPICXX -DOMPI_SKIP_MPICXX=1    -c ../ntopo_angle_template.cpp
mpiicpc -cxx=icpx -g -O3   -DLAMMPS_GZIP -DLAMMPS_MEMALIGN=64  -DMPICH_SKIP_MPICXX -DOMPI_SKIP_MPICXX=1    -c ../compute_reduce.cpp
mpiicpc -cxx=icpx -g -O3   -DLAMMPS_GZIP -DLAMMPS_MEMALIGN=64  -DMPICH_SKIP_MPICXX -DOMPI_SKIP_MPICXX=1    -c ../fix_store_state.cpp
mpiicpc -cxx=icpx -g -O3   -DLAMMPS_GZIP -DLAMMPS_MEMALIGN=64  -DMPICH_SKIP_MPICXX -DOMPI_SKIP_MPICXX=1    -c ../pair_lj_smooth.cpp
mpiicpc -cxx=icpx -g -O3   -DLAMMPS_GZIP -DLAMMPS_MEMALIGN=64  -DMPICH_SKIP_MPICXX -DOMPI_SKIP_MPICXX=1    -c ../region.cpp
mpiicpc -cxx=icpx -g -O3   -DLAMMPS_GZIP -DLAMMPS_MEMALIGN=64  -DMPICH_SKIP_MPICXX -DOMPI_SKIP_MPICXX=1    -c ../ntopo_dihedral_partial.cpp
mpiicpc -cxx=icpx -g -O3   -DLAMMPS_GZIP -DLAMMPS_MEMALIGN=64  -DMPICH_SKIP_MPICXX -DOMPI_SKIP_MPICXX=1    -c ../fix_temp_csld.cpp
mpiicpc -cxx=icpx -g -O3   -DLAMMPS_GZIP -DLAMMPS_MEMALIGN=64  -DMPICH_SKIP_MPICXX -DOMPI_SKIP_MPICXX=1    -c ../improper_ring.cpp
mpiicpc -cxx=icpx -g -O3   -DLAMMPS_GZIP -DLAMMPS_MEMALIGN=64  -DMPICH_SKIP_MPICXX -DOMPI_SKIP_MPICXX=1    -c ../angle_fourier.cpp
mpiicpc -cxx=icpx -g -O3   -DLAMMPS_GZIP -DLAMMPS_MEMALIGN=64  -DMPICH_SKIP_MPICXX -DOMPI_SKIP_MPICXX=1    -c ../fix_spring_chunk.cpp
mpiicpc -cxx=icpx -g -O3   -DLAMMPS_GZIP -DLAMMPS_MEMALIGN=64  -DMPICH_SKIP_MPICXX -DOMPI_SKIP_MPICXX=1    -c ../fix_deprecated.cpp
mpiicpc -cxx=icpx -g -O3   -DLAMMPS_GZIP -DLAMMPS_MEMALIGN=64  -DMPICH_SKIP_MPICXX -DOMPI_SKIP_MPICXX=1    -c ../region_union.cpp
mpiicpc -cxx=icpx -g -O3   -DLAMMPS_GZIP -DLAMMPS_MEMALIGN=64  -DMPICH_SKIP_MPICXX -DOMPI_SKIP_MPICXX=1    -c ../fix_temp_rescale.cpp
mpiicpc -cxx=icpx -g -O3   -DLAMMPS_GZIP -DLAMMPS_MEMALIGN=64  -DMPICH_SKIP_MPICXX -DOMPI_SKIP_MPICXX=1    -c ../neighbor.cpp
mpiicpc -cxx=icpx -g -O3   -DLAMMPS_GZIP -DLAMMPS_MEMALIGN=64  -DMPICH_SKIP_MPICXX -DOMPI_SKIP_MPICXX=1    -c ../fix_nvt_sphere.cpp
mpiicpc -cxx=icpx -g -O3   -DLAMMPS_GZIP -DLAMMPS_MEMALIGN=64  -DMPICH_SKIP_MPICXX -DOMPI_SKIP_MPICXX=1    -c ../pair_table.cpp
mpiicpc -cxx=icpx -g -O3   -DLAMMPS_GZIP -DLAMMPS_MEMALIGN=64  -DMPICH_SKIP_MPICXX -DOMPI_SKIP_MPICXX=1    -c ../fix_vector.cpp
mpiicpc -cxx=icpx -g -O3   -DLAMMPS_GZIP -DLAMMPS_MEMALIGN=64  -DMPICH_SKIP_MPICXX -DOMPI_SKIP_MPICXX=1    -c ../read_dump.cpp
mpiicpc -cxx=icpx -g -O3   -DLAMMPS_GZIP -DLAMMPS_MEMALIGN=64  -DMPICH_SKIP_MPICXX -DOMPI_SKIP_MPICXX=1    -c ../write_restart.cpp
mpiicpc -cxx=icpx -g -O3   -DLAMMPS_GZIP -DLAMMPS_MEMALIGN=64  -DMPICH_SKIP_MPICXX -DOMPI_SKIP_MPICXX=1    -c ../compute_ackland_atom.cpp
mpiicpc -cxx=icpx -g -O3   -DLAMMPS_GZIP -DLAMMPS_MEMALIGN=64  -DMPICH_SKIP_MPICXX -DOMPI_SKIP_MPICXX=1    -c ../compute_temp_deform.cpp
mpiicpc -cxx=icpx -g -O3   -DLAMMPS_GZIP -DLAMMPS_MEMALIGN=64  -DMPICH_SKIP_MPICXX -DOMPI_SKIP_MPICXX=1    -c ../fix_temp_csvr.cpp
mpiicpc -cxx=icpx -g -O3   -DLAMMPS_GZIP -DLAMMPS_MEMALIGN=64  -DMPICH_SKIP_MPICXX -DOMPI_SKIP_MPICXX=1    -c ../write_coeff.cpp
mpiicpc -cxx=icpx -g -O3   -DLAMMPS_GZIP -DLAMMPS_MEMALIGN=64  -DMPICH_SKIP_MPICXX -DOMPI_SKIP_MPICXX=1    -c ../neigh_list.cpp
mpiicpc -cxx=icpx -g -O3   -DLAMMPS_GZIP -DLAMMPS_MEMALIGN=64  -DMPICH_SKIP_MPICXX -DOMPI_SKIP_MPICXX=1    -c ../velocity.cpp
mpiicpc -cxx=icpx -g -O3   -DLAMMPS_GZIP -DLAMMPS_MEMALIGN=64  -DMPICH_SKIP_MPICXX -DOMPI_SKIP_MPICXX=1    -c ../min_cg.cpp
mpiicpc -cxx=icpx -g -O3   -DLAMMPS_GZIP -DLAMMPS_MEMALIGN=64  -DMPICH_SKIP_MPICXX -DOMPI_SKIP_MPICXX=1    -c ../fix_halt.cpp
mpiicpc -cxx=icpx -g -O3   -DLAMMPS_GZIP -DLAMMPS_MEMALIGN=64  -DMPICH_SKIP_MPICXX -DOMPI_SKIP_MPICXX=1    -c ../procmap.cpp
mpiicpc -cxx=icpx -g -O3   -DLAMMPS_GZIP -DLAMMPS_MEMALIGN=64  -DMPICH_SKIP_MPICXX -DOMPI_SKIP_MPICXX=1    -c ../imbalance_time.cpp
mpiicpc -cxx=icpx -g -O3   -DLAMMPS_GZIP -DLAMMPS_MEMALIGN=64  -DMPICH_SKIP_MPICXX -DOMPI_SKIP_MPICXX=1    -c ../angle_cosine_shift.cpp
mpiicpc -cxx=icpx -g -O3   -DLAMMPS_GZIP -DLAMMPS_MEMALIGN=64  -DMPICH_SKIP_MPICXX -DOMPI_SKIP_MPICXX=1    -c ../imbalance_store.cpp
mpiicpc -cxx=icpx -g -O3   -DLAMMPS_GZIP -DLAMMPS_MEMALIGN=64  -DMPICH_SKIP_MPICXX -DOMPI_SKIP_MPICXX=1    -c ../fix_wall_reflect.cpp
mpiicpc -cxx=icpx -g -O3   -DLAMMPS_GZIP -DLAMMPS_MEMALIGN=64  -DMPICH_SKIP_MPICXX -DOMPI_SKIP_MPICXX=1    -c ../fix_indent.cpp
mpiicpc -cxx=icpx -g -O3   -DLAMMPS_GZIP -DLAMMPS_MEMALIGN=64  -DMPICH_SKIP_MPICXX -DOMPI_SKIP_MPICXX=1    -c ../npair_half_respa_nsq_newtoff.cpp
mpiicpc -cxx=icpx -g -O3   -DLAMMPS_GZIP -DLAMMPS_MEMALIGN=64  -DMPICH_SKIP_MPICXX -DOMPI_SKIP_MPICXX=1    -c ../compute_erotate_sphere_atom.cpp
mpiicpc -cxx=icpx -g -O3   -DLAMMPS_GZIP -DLAMMPS_MEMALIGN=64  -DMPICH_SKIP_MPICXX -DOMPI_SKIP_MPICXX=1    -c ../improper_cossq.cpp
mpiicpc -cxx=icpx -g -O3   -DLAMMPS_GZIP -DLAMMPS_MEMALIGN=64  -DMPICH_SKIP_MPICXX -DOMPI_SKIP_MPICXX=1    -c ../rcb.cpp
mpiicpc -cxx=icpx -g -O3   -DLAMMPS_GZIP -DLAMMPS_MEMALIGN=64  -DMPICH_SKIP_MPICXX -DOMPI_SKIP_MPICXX=1    -c ../balance.cpp
mpiicpc -cxx=icpx -g -O3   -DLAMMPS_GZIP -DLAMMPS_MEMALIGN=64  -DMPICH_SKIP_MPICXX -DOMPI_SKIP_MPICXX=1    -c ../fix_property_atom.cpp
mpiicpc -cxx=icpx -g -O3   -DLAMMPS_GZIP -DLAMMPS_MEMALIGN=64  -DMPICH_SKIP_MPICXX -DOMPI_SKIP_MPICXX=1    -c ../nstencil_half_bin_2d_newton.cpp
mpiicpc -cxx=icpx -g -O3   -DLAMMPS_GZIP -DLAMMPS_MEMALIGN=64  -DMPICH_SKIP_MPICXX -DOMPI_SKIP_MPICXX=1    -c ../compute_slice.cpp
mpiicpc -cxx=icpx -g -O3   -DLAMMPS_GZIP -DLAMMPS_MEMALIGN=64  -DMPICH_SKIP_MPICXX -DOMPI_SKIP_MPICXX=1    -c ../fix.cpp
mpiicpc -cxx=icpx -g -O3   -DLAMMPS_GZIP -DLAMMPS_MEMALIGN=64  -DMPICH_SKIP_MPICXX -DOMPI_SKIP_MPICXX=1    -c ../atom_vec_charge.cpp
mpiicpc -cxx=icpx -g -O3   -DLAMMPS_GZIP -DLAMMPS_MEMALIGN=64  -DMPICH_SKIP_MPICXX -DOMPI_SKIP_MPICXX=1    -c ../random_mars.cpp
mpiicpc -cxx=icpx -g -O3   -DLAMMPS_GZIP -DLAMMPS_MEMALIGN=64  -DMPICH_SKIP_MPICXX -DOMPI_SKIP_MPICXX=1    -c ../pair_lj_cubic.cpp
mpiicpc -cxx=icpx -g -O3   -DLAMMPS_GZIP -DLAMMPS_MEMALIGN=64  -DMPICH_SKIP_MPICXX -DOMPI_SKIP_MPICXX=1    -c ../compute_displace_atom.cpp
mpiicpc -cxx=icpx -g -O3   -DLAMMPS_GZIP -DLAMMPS_MEMALIGN=64  -DMPICH_SKIP_MPICXX -DOMPI_SKIP_MPICXX=1    -c ../npair.cpp
mpiicpc -cxx=icpx -g -O3   -DLAMMPS_GZIP -DLAMMPS_MEMALIGN=64  -DMPICH_SKIP_MPICXX -DOMPI_SKIP_MPICXX=1    -c ../npair_half_bin_newton.cpp
mpiicpc -cxx=icpx -g -O3   -DLAMMPS_GZIP -DLAMMPS_MEMALIGN=64  -DMPICH_SKIP_MPICXX -DOMPI_SKIP_MPICXX=1    -c ../dump.cpp
mpiicpc -cxx=icpx -g -O3   -DLAMMPS_GZIP -DLAMMPS_MEMALIGN=64  -DMPICH_SKIP_MPICXX -DOMPI_SKIP_MPICXX=1    -c ../main.cpp
mpiicpc -cxx=icpx -g -O3   -DLAMMPS_GZIP -DLAMMPS_MEMALIGN=64  -DMPICH_SKIP_MPICXX -DOMPI_SKIP_MPICXX=1    -c ../npair_half_size_bin_newton_tri.cpp
mpiicpc -cxx=icpx -g -O3   -DLAMMPS_GZIP -DLAMMPS_MEMALIGN=64  -DMPICH_SKIP_MPICXX -DOMPI_SKIP_MPICXX=1    -c ../npair_half_respa_bin_newton_tri.cpp
mpiicpc -cxx=icpx -g -O3   -DLAMMPS_GZIP -DLAMMPS_MEMALIGN=64  -DMPICH_SKIP_MPICXX -DOMPI_SKIP_MPICXX=1    -c ../nstencil_half_multi_3d_newtoff.cpp
mpiicpc -cxx=icpx -g -O3   -DLAMMPS_GZIP -DLAMMPS_MEMALIGN=64  -DMPICH_SKIP_MPICXX -DOMPI_SKIP_MPICXX=1    -c ../thermo.cpp
mpiicpc -cxx=icpx -g -O3   -DLAMMPS_GZIP -DLAMMPS_MEMALIGN=64  -DMPICH_SKIP_MPICXX -DOMPI_SKIP_MPICXX=1    -c ../compute_improper_local.cpp
mpiicpc -cxx=icpx -g -O3   -DLAMMPS_GZIP -DLAMMPS_MEMALIGN=64  -DMPICH_SKIP_MPICXX -DOMPI_SKIP_MPICXX=1    -c ../lammps.cpp
mpiicpc -cxx=icpx -g -O3   -DLAMMPS_GZIP -DLAMMPS_MEMALIGN=64  -DMPICH_SKIP_MPICXX -DOMPI_SKIP_MPICXX=1    -c ../ntopo_dihedral_all.cpp
mpiicpc -cxx=icpx -g -O3   -DLAMMPS_GZIP -DLAMMPS_MEMALIGN=64  -DMPICH_SKIP_MPICXX -DOMPI_SKIP_MPICXX=1    -c ../bond_harmonic_shift_cut.cpp
mpiicpc -cxx=icpx -g -O3   -DLAMMPS_GZIP -DLAMMPS_MEMALIGN=64  -DMPICH_SKIP_MPICXX -DOMPI_SKIP_MPICXX=1    -c ../pair_morse.cpp
mpiicpc -cxx=icpx -g -O3   -DLAMMPS_GZIP -DLAMMPS_MEMALIGN=64  -DMPICH_SKIP_MPICXX -DOMPI_SKIP_MPICXX=1    -c ../citeme.cpp
mpiicpc -cxx=icpx -g -O3   -DLAMMPS_GZIP -DLAMMPS_MEMALIGN=64  -DMPICH_SKIP_MPICXX -DOMPI_SKIP_MPICXX=1    -c ../region_intersect.cpp
mpiicpc -cxx=icpx -g -O3   -DLAMMPS_GZIP -DLAMMPS_MEMALIGN=64  -DMPICH_SKIP_MPICXX -DOMPI_SKIP_MPICXX=1    -c ../atom_vec_hybrid.cpp
mpiicpc -cxx=icpx -g -O3   -DLAMMPS_GZIP -DLAMMPS_MEMALIGN=64  -DMPICH_SKIP_MPICXX -DOMPI_SKIP_MPICXX=1    -c ../random_park.cpp
mpiicpc -cxx=icpx -g -O3   -DLAMMPS_GZIP -DLAMMPS_MEMALIGN=64  -DMPICH_SKIP_MPICXX -DOMPI_SKIP_MPICXX=1    -c ../set.cpp
mpiicpc -cxx=icpx -g -O3   -DLAMMPS_GZIP -DLAMMPS_MEMALIGN=64  -DMPICH_SKIP_MPICXX -DOMPI_SKIP_MPICXX=1    -c ../fix_npt_sphere.cpp
mpiicpc -cxx=icpx -g -O3   -DLAMMPS_GZIP -DLAMMPS_MEMALIGN=64  -DMPICH_SKIP_MPICXX -DOMPI_SKIP_MPICXX=1    -c ../region_cylinder.cpp
mpiicpc -cxx=icpx -g -O3   -DLAMMPS_GZIP -DLAMMPS_MEMALIGN=64  -DMPICH_SKIP_MPICXX -DOMPI_SKIP_MPICXX=1    -c ../pair_hybrid_scaled.cpp
mpiicpc -cxx=icpx -g -O3   -DLAMMPS_GZIP -DLAMMPS_MEMALIGN=64  -DMPICH_SKIP_MPICXX -DOMPI_SKIP_MPICXX=1    -c ../dihedral_table.cpp
mpiicpc -cxx=icpx -g -O3   -DLAMMPS_GZIP -DLAMMPS_MEMALIGN=64  -DMPICH_SKIP_MPICXX -DOMPI_SKIP_MPICXX=1    -c ../pair_lj_gromacs.cpp
mpiicpc -cxx=icpx -g -O3   -DLAMMPS_GZIP -DLAMMPS_MEMALIGN=64  -DMPICH_SKIP_MPICXX -DOMPI_SKIP_MPICXX=1    -c ../fix_momentum.cpp
mpiicpc -cxx=icpx -g -O3   -DLAMMPS_GZIP -DLAMMPS_MEMALIGN=64  -DMPICH_SKIP_MPICXX -DOMPI_SKIP_MPICXX=1    -c ../compute_torque_chunk.cpp
mpiicpc -cxx=icpx -g -O3   -DLAMMPS_GZIP -DLAMMPS_MEMALIGN=64  -DMPICH_SKIP_MPICXX -DOMPI_SKIP_MPICXX=1    -c ../pair.cpp
mpiicpc -cxx=icpx -g -O3   -DLAMMPS_GZIP -DLAMMPS_MEMALIGN=64  -DMPICH_SKIP_MPICXX -DOMPI_SKIP_MPICXX=1    -c ../angle.cpp
mpiicpc -cxx=icpx -g -O3   -DLAMMPS_GZIP -DLAMMPS_MEMALIGN=64  -DMPICH_SKIP_MPICXX -DOMPI_SKIP_MPICXX=1    -c ../compute_inertia_chunk.cpp
mpiicpc -cxx=icpx -g -O3   -DLAMMPS_GZIP -DLAMMPS_MEMALIGN=64  -DMPICH_SKIP_MPICXX -DOMPI_SKIP_MPICXX=1    -c ../nstencil_half_bin_3d_newton_tri.cpp
mpiicpc -cxx=icpx -g -O3   -DLAMMPS_GZIP -DLAMMPS_MEMALIGN=64  -DMPICH_SKIP_MPICXX -DOMPI_SKIP_MPICXX=1    -c ../fix_group.cpp
mpiicpc -cxx=icpx -g -O3   -DLAMMPS_GZIP -DLAMMPS_MEMALIGN=64  -DMPICH_SKIP_MPICXX -DOMPI_SKIP_MPICXX=1    -c ../fix_npt.cpp
mpiicpc -cxx=icpx -g -O3   -DLAMMPS_GZIP -DLAMMPS_MEMALIGN=64  -DMPICH_SKIP_MPICXX -DOMPI_SKIP_MPICXX=1    -c ../compute_improper.cpp
mpiicpc -cxx=icpx -g -O3   -DLAMMPS_GZIP -DLAMMPS_MEMALIGN=64  -DMPICH_SKIP_MPICXX -DOMPI_SKIP_MPICXX=1    -c ../nstencil_half_bin_2d_newtoff.cpp
mpiicpc -cxx=icpx -g -O3   -DLAMMPS_GZIP -DLAMMPS_MEMALIGN=64  -DMPICH_SKIP_MPICXX -DOMPI_SKIP_MPICXX=1    -c ../fix_grem.cpp
mpiicpc -cxx=icpx -g -O3   -DLAMMPS_GZIP -DLAMMPS_MEMALIGN=64  -DMPICH_SKIP_MPICXX -DOMPI_SKIP_MPICXX=1    -c ../improper_fourier.cpp
mpiicpc -cxx=icpx -g -O3   -DLAMMPS_GZIP -DLAMMPS_MEMALIGN=64  -DMPICH_SKIP_MPICXX -DOMPI_SKIP_MPICXX=1    -c ../pair_lj_mdf.cpp
mpiicpc -cxx=icpx -g -O3   -DLAMMPS_GZIP -DLAMMPS_MEMALIGN=64  -DMPICH_SKIP_MPICXX -DOMPI_SKIP_MPICXX=1    -c ../compute_property_atom.cpp
mpiicpc -cxx=icpx -g -O3   -DLAMMPS_GZIP -DLAMMPS_MEMALIGN=64  -DMPICH_SKIP_MPICXX -DOMPI_SKIP_MPICXX=1    -c ../compute.cpp
mpiicpc -cxx=icpx -g -O3   -DLAMMPS_GZIP -DLAMMPS_MEMALIGN=64  -DMPICH_SKIP_MPICXX -DOMPI_SKIP_MPICXX=1    -c ../fix_pimd.cpp
mpiicpc -cxx=icpx -g -O3   -DLAMMPS_GZIP -DLAMMPS_MEMALIGN=64  -DMPICH_SKIP_MPICXX -DOMPI_SKIP_MPICXX=1    -c ../dump_dcd.cpp
mpiicpc -cxx=icpx -g -O3   -DLAMMPS_GZIP -DLAMMPS_MEMALIGN=64  -DMPICH_SKIP_MPICXX -DOMPI_SKIP_MPICXX=1    -c ../min_sd.cpp
mpiicpc -cxx=icpx -g -O3   -DLAMMPS_GZIP -DLAMMPS_MEMALIGN=64  -DMPICH_SKIP_MPICXX -DOMPI_SKIP_MPICXX=1    -c ../verlet.cpp
mpiicpc -cxx=icpx -g -O3   -DLAMMPS_GZIP -DLAMMPS_MEMALIGN=64  -DMPICH_SKIP_MPICXX -DOMPI_SKIP_MPICXX=1    -c ../kspace.cpp
mpiicpc -cxx=icpx -g -O3   -DLAMMPS_GZIP -DLAMMPS_MEMALIGN=64  -DMPICH_SKIP_MPICXX -DOMPI_SKIP_MPICXX=1    -c ../pair_meam_spline.cpp
mpiicpc -cxx=icpx -g -O3   -DLAMMPS_GZIP -DLAMMPS_MEMALIGN=64  -DMPICH_SKIP_MPICXX -DOMPI_SKIP_MPICXX=1    -c ../integrate.cpp
mpiicpc -cxx=icpx -g -O3   -DLAMMPS_GZIP -DLAMMPS_MEMALIGN=64  -DMPICH_SKIP_MPICXX -DOMPI_SKIP_MPICXX=1    -c ../compute_temp_com.cpp
mpiicpc -cxx=icpx -g -O3   -DLAMMPS_GZIP -DLAMMPS_MEMALIGN=64  -DMPICH_SKIP_MPICXX -DOMPI_SKIP_MPICXX=1    -c ../atom_vec_ellipsoid.cpp
mpiicpc -cxx=icpx -g -O3   -DLAMMPS_GZIP -DLAMMPS_MEMALIGN=64  -DMPICH_SKIP_MPICXX -DOMPI_SKIP_MPICXX=1    -c ../pair_coul_cut.cpp
mpiicpc -cxx=icpx -g -O3   -DLAMMPS_GZIP -DLAMMPS_MEMALIGN=64  -DMPICH_SKIP_MPICXX -DOMPI_SKIP_MPICXX=1    -c ../fix_adapt.cpp
mpiicpc -cxx=icpx -g -O3   -DLAMMPS_GZIP -DLAMMPS_MEMALIGN=64  -DMPICH_SKIP_MPICXX -DOMPI_SKIP_MPICXX=1    -c ../pair_yukawa.cpp
mpiicpc -cxx=icpx -g -O3   -DLAMMPS_GZIP -DLAMMPS_MEMALIGN=64  -DMPICH_SKIP_MPICXX -DOMPI_SKIP_MPICXX=1    -c ../pair_kolmogorov_crespi_z.cpp
mpiicpc -cxx=icpx -g -O3   -DLAMMPS_GZIP -DLAMMPS_MEMALIGN=64  -DMPICH_SKIP_MPICXX -DOMPI_SKIP_MPICXX=1    -c ../nstencil_full_ghost_bin_3d.cpp
mpiicpc -cxx=icpx -g -O3   -DLAMMPS_GZIP -DLAMMPS_MEMALIGN=64  -DMPICH_SKIP_MPICXX -DOMPI_SKIP_MPICXX=1    -c ../pair_edip.cpp
mpiicpc -cxx=icpx -g -O3   -DLAMMPS_GZIP -DLAMMPS_MEMALIGN=64  -DMPICH_SKIP_MPICXX -DOMPI_SKIP_MPICXX=1    -c ../npair_half_multi_newton.cpp
mpiicpc -cxx=icpx -g -O3   -DLAMMPS_GZIP -DLAMMPS_MEMALIGN=64  -DMPICH_SKIP_MPICXX -DOMPI_SKIP_MPICXX=1    -c ../reader_native.cpp
mpiicpc -cxx=icpx -g -O3   -DLAMMPS_GZIP -DLAMMPS_MEMALIGN=64  -DMPICH_SKIP_MPICXX -DOMPI_SKIP_MPICXX=1    -c ../atom_vec_atomic.cpp
mpiicpc -cxx=icpx -g -O3   -DLAMMPS_GZIP -DLAMMPS_MEMALIGN=64  -DMPICH_SKIP_MPICXX -DOMPI_SKIP_MPICXX=1    -c ../fix_restrain.cpp
mpiicpc -cxx=icpx -g -O3   -DLAMMPS_GZIP -DLAMMPS_MEMALIGN=64  -DMPICH_SKIP_MPICXX -DOMPI_SKIP_MPICXX=1    -c ../nstencil_full_bin_3d.cpp
mpiicpc -cxx=icpx -g -O3   -DLAMMPS_GZIP -DLAMMPS_MEMALIGN=64  -DMPICH_SKIP_MPICXX -DOMPI_SKIP_MPICXX=1    -c ../dihedral_hybrid.cpp
mpiicpc -cxx=icpx -g -O3   -DLAMMPS_GZIP -DLAMMPS_MEMALIGN=64  -DMPICH_SKIP_MPICXX -DOMPI_SKIP_MPICXX=1    -c ../compute_reduce_region.cpp
mpiicpc -cxx=icpx -g -O3   -DLAMMPS_GZIP -DLAMMPS_MEMALIGN=64  -DMPICH_SKIP_MPICXX -DOMPI_SKIP_MPICXX=1    -c ../dump_atom.cpp
mpiicpc -cxx=icpx -g -O3   -DLAMMPS_GZIP -DLAMMPS_MEMALIGN=64  -DMPICH_SKIP_MPICXX -DOMPI_SKIP_MPICXX=1    -c ../compute_orientorder_atom.cpp
mpiicpc -cxx=icpx -g -O3   -DLAMMPS_GZIP -DLAMMPS_MEMALIGN=64  -DMPICH_SKIP_MPICXX -DOMPI_SKIP_MPICXX=1    -c ../region_block.cpp
mpiicpc -cxx=icpx -g -O3   -DLAMMPS_GZIP -DLAMMPS_MEMALIGN=64  -DMPICH_SKIP_MPICXX -DOMPI_SKIP_MPICXX=1    -c ../dihedral_zero.cpp
mpiicpc -cxx=icpx -g -O3   -DLAMMPS_GZIP -DLAMMPS_MEMALIGN=64  -DMPICH_SKIP_MPICXX -DOMPI_SKIP_MPICXX=1    -c ../ntopo_bond_all.cpp
mpiicpc -cxx=icpx -g -O3   -DLAMMPS_GZIP -DLAMMPS_MEMALIGN=64  -DMPICH_SKIP_MPICXX -DOMPI_SKIP_MPICXX=1    -c ../pair_runner.cpp
mpiicpc -cxx=icpx -g -O3   -DLAMMPS_GZIP -DLAMMPS_MEMALIGN=64  -DMPICH_SKIP_MPICXX -DOMPI_SKIP_MPICXX=1    -c ../python.cpp
mpiicpc -cxx=icpx -g -O3   -DLAMMPS_GZIP -DLAMMPS_MEMALIGN=64  -DMPICH_SKIP_MPICXX -DOMPI_SKIP_MPICXX=1    -c ../fix_ave_atom.cpp
mpiicpc -cxx=icpx -g -O3   -DLAMMPS_GZIP -DLAMMPS_MEMALIGN=64  -DMPICH_SKIP_MPICXX -DOMPI_SKIP_MPICXX=1    -c ../fix_wall_lj126.cpp
mpiicpc -cxx=icpx -g -O3   -DLAMMPS_GZIP -DLAMMPS_MEMALIGN=64  -DMPICH_SKIP_MPICXX -DOMPI_SKIP_MPICXX=1    -c ../info.cpp
mpiicpc -cxx=icpx -g -O3   -DLAMMPS_GZIP -DLAMMPS_MEMALIGN=64  -DMPICH_SKIP_MPICXX -DOMPI_SKIP_MPICXX=1    -c ../pair_edip_multi.cpp
mpiicpc -cxx=icpx -g -O3   -DLAMMPS_GZIP -DLAMMPS_MEMALIGN=64  -DMPICH_SKIP_MPICXX -DOMPI_SKIP_MPICXX=1    -c ../atom_vec_tri.cpp
mpiicpc -cxx=icpx -g -O3   -DLAMMPS_GZIP -DLAMMPS_MEMALIGN=64  -DMPICH_SKIP_MPICXX -DOMPI_SKIP_MPICXX=1    -c ../compute_gyration_chunk.cpp
mpiicpc -cxx=icpx -g -O3   -DLAMMPS_GZIP -DLAMMPS_MEMALIGN=64  -DMPICH_SKIP_MPICXX -DOMPI_SKIP_MPICXX=1    -c ../fix_ipi.cpp
mpiicpc -cxx=icpx -g -O3   -DLAMMPS_GZIP -DLAMMPS_MEMALIGN=64  -DMPICH_SKIP_MPICXX -DOMPI_SKIP_MPICXX=1    -c ../irregular.cpp
mpiicpc -cxx=icpx -g -O3   -DLAMMPS_GZIP -DLAMMPS_MEMALIGN=64  -DMPICH_SKIP_MPICXX -DOMPI_SKIP_MPICXX=1    -c ../npair_skip_size_off2on_oneside.cpp
mpiicpc -cxx=icpx -g -O3   -DLAMMPS_GZIP -DLAMMPS_MEMALIGN=64  -DMPICH_SKIP_MPICXX -DOMPI_SKIP_MPICXX=1    -c ../nstencil_half_multi_3d_newton_tri.cpp
mpiicpc -cxx=icpx -g -O3   -DLAMMPS_GZIP -DLAMMPS_MEMALIGN=64  -DMPICH_SKIP_MPICXX -DOMPI_SKIP_MPICXX=1    -c ../npair_half_bin_newtoff_ghost.cpp
mpiicpc -cxx=icpx -g -O3   -DLAMMPS_GZIP -DLAMMPS_MEMALIGN=64  -DMPICH_SKIP_MPICXX -DOMPI_SKIP_MPICXX=1    -c ../pair_lennard_mdf.cpp
mpiicpc -cxx=icpx -g -O3   -DLAMMPS_GZIP -DLAMMPS_MEMALIGN=64  -DMPICH_SKIP_MPICXX -DOMPI_SKIP_MPICXX=1    -c ../improper_distance.cpp
mpiicpc -cxx=icpx -g -O3   -DLAMMPS_GZIP -DLAMMPS_MEMALIGN=64  -DMPICH_SKIP_MPICXX -DOMPI_SKIP_MPICXX=1    -c ../nstencil_half_multi_2d_newtoff.cpp
mpiicpc -cxx=icpx -g -O3   -DLAMMPS_GZIP -DLAMMPS_MEMALIGN=64  -DMPICH_SKIP_MPICXX -DOMPI_SKIP_MPICXX=1    -c ../minimize.cpp
mpiicpc -cxx=icpx -g -O3   -DLAMMPS_GZIP -DLAMMPS_MEMALIGN=64  -DMPICH_SKIP_MPICXX -DOMPI_SKIP_MPICXX=1    -c ../fix_nh_sphere.cpp
mpiicpc -cxx=icpx -g -O3   -DLAMMPS_GZIP -DLAMMPS_MEMALIGN=64  -DMPICH_SKIP_MPICXX -DOMPI_SKIP_MPICXX=1    -c ../fix_recenter.cpp
mpiicpc -cxx=icpx -g -O3   -DLAMMPS_GZIP -DLAMMPS_MEMALIGN=64  -DMPICH_SKIP_MPICXX -DOMPI_SKIP_MPICXX=1    -c ../fix_wall_lj93.cpp
mpiicpc -cxx=icpx -g -O3   -DLAMMPS_GZIP -DLAMMPS_MEMALIGN=64  -DMPICH_SKIP_MPICXX -DOMPI_SKIP_MPICXX=1    -c ../compute_basal_atom.cpp
mpiicpc -cxx=icpx -g -O3   -DLAMMPS_GZIP -DLAMMPS_MEMALIGN=64  -DMPICH_SKIP_MPICXX -DOMPI_SKIP_MPICXX=1    -c ../reader.cpp
mpiicpc -cxx=icpx -g -O3   -DLAMMPS_GZIP -DLAMMPS_MEMALIGN=64  -DMPICH_SKIP_MPICXX -DOMPI_SKIP_MPICXX=1    -c ../pair_lj_cut.cpp
mpiicpc -cxx=icpx -g -O3   -DLAMMPS_GZIP -DLAMMPS_MEMALIGN=64  -DMPICH_SKIP_MPICXX -DOMPI_SKIP_MPICXX=1    -c ../fix_box_relax.cpp
mpiicpc -cxx=icpx -g -O3   -DLAMMPS_GZIP -DLAMMPS_MEMALIGN=64  -DMPICH_SKIP_MPICXX -DOMPI_SKIP_MPICXX=1    -c ../pair_lj_cut_coul_debye.cpp
mpiicpc -cxx=icpx -g -O3   -DLAMMPS_GZIP -DLAMMPS_MEMALIGN=64  -DMPICH_SKIP_MPICXX -DOMPI_SKIP_MPICXX=1    -c ../imbalance.cpp
mpiicpc -cxx=icpx -g -O3   -DLAMMPS_GZIP -DLAMMPS_MEMALIGN=64  -DMPICH_SKIP_MPICXX -DOMPI_SKIP_MPICXX=1    -c ../compute_group_group.cpp
mpiicpc -cxx=icpx -g -O3   -DLAMMPS_GZIP -DLAMMPS_MEMALIGN=64  -DMPICH_SKIP_MPICXX -DOMPI_SKIP_MPICXX=1    -c ../fix_ti_spring.cpp
mpiicpc -cxx=icpx -g -O3   -DLAMMPS_GZIP -DLAMMPS_MEMALIGN=64  -DMPICH_SKIP_MPICXX -DOMPI_SKIP_MPICXX=1    -c ../pair_born_coul_wolf.cpp
mpiicpc -cxx=icpx -g -O3   -DLAMMPS_GZIP -DLAMMPS_MEMALIGN=64  -DMPICH_SKIP_MPICXX -DOMPI_SKIP_MPICXX=1    -c ../compute_centro_atom.cpp
mpiicpc -cxx=icpx -g -O3   -DLAMMPS_GZIP -DLAMMPS_MEMALIGN=64  -DMPICH_SKIP_MPICXX -DOMPI_SKIP_MPICXX=1    -c ../compute_dipole_chunk.cpp
mpiicpc -cxx=icpx -g -O3   -DLAMMPS_GZIP -DLAMMPS_MEMALIGN=64  -DMPICH_SKIP_MPICXX -DOMPI_SKIP_MPICXX=1    -c ../fix_smd.cpp
mpiicpc -cxx=icpx -g -O3   -DLAMMPS_GZIP -DLAMMPS_MEMALIGN=64  -DMPICH_SKIP_MPICXX -DOMPI_SKIP_MPICXX=1    -c ../compute_pair.cpp
mpiicpc -cxx=icpx -g -O3   -DLAMMPS_GZIP -DLAMMPS_MEMALIGN=64  -DMPICH_SKIP_MPICXX -DOMPI_SKIP_MPICXX=1    -c ../pair_lj_sf_dipole_sf.cpp
mpiicpc -cxx=icpx -g -O3   -DLAMMPS_GZIP -DLAMMPS_MEMALIGN=64  -DMPICH_SKIP_MPICXX -DOMPI_SKIP_MPICXX=1    -c ../fix_nh.cpp
mpiicpc -cxx=icpx -g -O3   -DLAMMPS_GZIP -DLAMMPS_MEMALIGN=64  -DMPICH_SKIP_MPICXX -DOMPI_SKIP_MPICXX=1    -c ../compute_hexorder_atom.cpp
mpiicpc -cxx=icpx -g -O3   -DLAMMPS_GZIP -DLAMMPS_MEMALIGN=64  -DMPICH_SKIP_MPICXX -DOMPI_SKIP_MPICXX=1    -c ../output.cpp
mpiicpc -cxx=icpx -g -O3   -DLAMMPS_GZIP -DLAMMPS_MEMALIGN=64  -DMPICH_SKIP_MPICXX -DOMPI_SKIP_MPICXX=1    -c ../nstencil_half_bin_2d_newton_tri.cpp
mpiicpc -cxx=icpx -g -O3   -DLAMMPS_GZIP -DLAMMPS_MEMALIGN=64  -DMPICH_SKIP_MPICXX -DOMPI_SKIP_MPICXX=1    -c ../neigh_request.cpp
mpiicpc -cxx=icpx -g -O3   -DLAMMPS_GZIP -DLAMMPS_MEMALIGN=64  -DMPICH_SKIP_MPICXX -DOMPI_SKIP_MPICXX=1    -c ../domain.cpp
mpiicpc -cxx=icpx -g -O3   -DLAMMPS_GZIP -DLAMMPS_MEMALIGN=64  -DMPICH_SKIP_MPICXX -DOMPI_SKIP_MPICXX=1    -c ../fix_controller.cpp
mpiicpc -cxx=icpx -g -O3   -DLAMMPS_GZIP -DLAMMPS_MEMALIGN=64  -DMPICH_SKIP_MPICXX -DOMPI_SKIP_MPICXX=1    -c ../compute_temp_partial.cpp
mpiicpc -cxx=icpx -g -O3   -DLAMMPS_GZIP -DLAMMPS_MEMALIGN=64  -DMPICH_SKIP_MPICXX -DOMPI_SKIP_MPICXX=1    -c ../angle_dipole.cpp
mpiicpc -cxx=icpx -g -O3   -DLAMMPS_GZIP -DLAMMPS_MEMALIGN=64  -DMPICH_SKIP_MPICXX -DOMPI_SKIP_MPICXX=1    -c ../fix_enforce2d.cpp
mpiicpc -cxx=icpx -g -O3   -DLAMMPS_GZIP -DLAMMPS_MEMALIGN=64  -DMPICH_SKIP_MPICXX -DOMPI_SKIP_MPICXX=1    -c ../dump_custom.cpp
mpiicpc -cxx=icpx -g -O3   -DLAMMPS_GZIP -DLAMMPS_MEMALIGN=64  -DMPICH_SKIP_MPICXX -DOMPI_SKIP_MPICXX=1    -c ../fix_gravity.cpp
mpiicpc -cxx=icpx -g -O3   -DLAMMPS_GZIP -DLAMMPS_MEMALIGN=64  -DMPICH_SKIP_MPICXX -DOMPI_SKIP_MPICXX=1    -c ../compute_pe.cpp
mpiicpc -cxx=icpx -g -O3   -DLAMMPS_GZIP -DLAMMPS_MEMALIGN=64  -DMPICH_SKIP_MPICXX -DOMPI_SKIP_MPICXX=1    -c ../compute_gyration.cpp
mpiicpc -cxx=icpx -g -O3   -DLAMMPS_GZIP -DLAMMPS_MEMALIGN=64  -DMPICH_SKIP_MPICXX -DOMPI_SKIP_MPICXX=1    -c ../imbalance_group.cpp
mpiicpc -cxx=icpx -g -O3   -DLAMMPS_GZIP -DLAMMPS_MEMALIGN=64  -DMPICH_SKIP_MPICXX -DOMPI_SKIP_MPICXX=1    -c ../nstencil.cpp
mpiicpc -cxx=icpx -g -O3   -DLAMMPS_GZIP -DLAMMPS_MEMALIGN=64  -DMPICH_SKIP_MPICXX -DOMPI_SKIP_MPICXX=1    -c ../npair_skip_size.cpp
mpiicpc -cxx=icpx -g -O3   -DLAMMPS_GZIP -DLAMMPS_MEMALIGN=64  -DMPICH_SKIP_MPICXX -DOMPI_SKIP_MPICXX=1    -c ../npair_skip_respa.cpp
mpiicpc -cxx=icpx -g -O3   -DLAMMPS_GZIP -DLAMMPS_MEMALIGN=64  -DMPICH_SKIP_MPICXX -DOMPI_SKIP_MPICXX=1    -c ../molecule.cpp
mpiicpc -cxx=icpx -g -O3   -DLAMMPS_GZIP -DLAMMPS_MEMALIGN=64  -DMPICH_SKIP_MPICXX -DOMPI_SKIP_MPICXX=1    -c ../pair_lj_smooth_linear.cpp
mpiicpc -cxx=icpx -g -O3   -DLAMMPS_GZIP -DLAMMPS_MEMALIGN=64  -DMPICH_SKIP_MPICXX -DOMPI_SKIP_MPICXX=1    -c ../compute_bond.cpp
mpiicpc -cxx=icpx -g -O3   -DLAMMPS_GZIP -DLAMMPS_MEMALIGN=64  -DMPICH_SKIP_MPICXX -DOMPI_SKIP_MPICXX=1    -c ../pair_zbl.cpp
mpiicpc -cxx=icpx -g -O3   -DLAMMPS_GZIP -DLAMMPS_MEMALIGN=64  -DMPICH_SKIP_MPICXX -DOMPI_SKIP_MPICXX=1    -c ../error.cpp
mpiicpc -cxx=icpx -g -O3   -DLAMMPS_GZIP -DLAMMPS_MEMALIGN=64  -DMPICH_SKIP_MPICXX -DOMPI_SKIP_MPICXX=1    -c ../ntopo_bond_partial.cpp
mpiicpc -cxx=icpx -g -O3   -DLAMMPS_GZIP -DLAMMPS_MEMALIGN=64  -DMPICH_SKIP_MPICXX -DOMPI_SKIP_MPICXX=1    -c ../dump_cfg.cpp
mpiicpc -cxx=icpx -g -O3   -DLAMMPS_GZIP -DLAMMPS_MEMALIGN=64  -DMPICH_SKIP_MPICXX -DOMPI_SKIP_MPICXX=1    -c ../nstencil_full_ghost_bin_2d.cpp
mpiicpc -cxx=icpx -g -O3   -DLAMMPS_GZIP -DLAMMPS_MEMALIGN=64  -DMPICH_SKIP_MPICXX -DOMPI_SKIP_MPICXX=1    -c ../comm_brick.cpp
mpiicpc -cxx=icpx -g -O3   -DLAMMPS_GZIP -DLAMMPS_MEMALIGN=64  -DMPICH_SKIP_MPICXX -DOMPI_SKIP_MPICXX=1    -c ../compute_global_atom.cpp
mpiicpc -cxx=icpx -g -O3   -DLAMMPS_GZIP -DLAMMPS_MEMALIGN=64  -DMPICH_SKIP_MPICXX -DOMPI_SKIP_MPICXX=1    -c ../pair_lj_cut_coul_cut.cpp
mpiicpc -cxx=icpx -g -O3   -DLAMMPS_GZIP -DLAMMPS_MEMALIGN=64  -DMPICH_SKIP_MPICXX -DOMPI_SKIP_MPICXX=1    -c ../fix_srp.cpp
mpiicpc -cxx=icpx -g -O3   -DLAMMPS_GZIP -DLAMMPS_MEMALIGN=64  -DMPICH_SKIP_MPICXX -DOMPI_SKIP_MPICXX=1    -c ../ntopo_improper_partial.cpp
mpiicpc -cxx=icpx -g -O3   -DLAMMPS_GZIP -DLAMMPS_MEMALIGN=64  -DMPICH_SKIP_MPICXX -DOMPI_SKIP_MPICXX=1    -c ../npair_half_nsq_newtoff_ghost.cpp
mpiicpc -cxx=icpx -g -O3   -DLAMMPS_GZIP -DLAMMPS_MEMALIGN=64  -DMPICH_SKIP_MPICXX -DOMPI_SKIP_MPICXX=1    -c ../npair_half_bin_newtoff.cpp
mpiicpc -cxx=icpx -g -O3   -DLAMMPS_GZIP -DLAMMPS_MEMALIGN=64  -DMPICH_SKIP_MPICXX -DOMPI_SKIP_MPICXX=1    -c ../comm_tiled.cpp
mpiicpc -cxx=icpx -g -O3   -DLAMMPS_GZIP -DLAMMPS_MEMALIGN=64  -DMPICH_SKIP_MPICXX -DOMPI_SKIP_MPICXX=1    -c ../fix_press_berendsen.cpp
mpiicpc -cxx=icpx -g -O3   -DLAMMPS_GZIP -DLAMMPS_MEMALIGN=64  -DMPICH_SKIP_MPICXX -DOMPI_SKIP_MPICXX=1    -c ../read_data.cpp
mpiicpc -cxx=icpx -g -O3   -DLAMMPS_GZIP -DLAMMPS_MEMALIGN=64  -DMPICH_SKIP_MPICXX -DOMPI_SKIP_MPICXX=1    -c ../fix_gle.cpp
mpiicpc -cxx=icpx -g -O3   -DLAMMPS_GZIP -DLAMMPS_MEMALIGN=64  -DMPICH_SKIP_MPICXX -DOMPI_SKIP_MPICXX=1    -c ../fix_print.cpp
mpiicpc -cxx=icpx -g -O3   -DLAMMPS_GZIP -DLAMMPS_MEMALIGN=64  -DMPICH_SKIP_MPICXX -DOMPI_SKIP_MPICXX=1    -c ../angle_cosine_shift_exp.cpp
mpiicpc -cxx=icpx -g -O3   -DLAMMPS_GZIP -DLAMMPS_MEMALIGN=64  -DMPICH_SKIP_MPICXX -DOMPI_SKIP_MPICXX=1    -c ../ntopo_bond_template.cpp
mpiicpc -cxx=icpx -g -O3   -DLAMMPS_GZIP -DLAMMPS_MEMALIGN=64  -DMPICH_SKIP_MPICXX -DOMPI_SKIP_MPICXX=1    -c ../ntopo_dihedral_template.cpp
mpiicpc -cxx=icpx -g -O3   -DLAMMPS_GZIP -DLAMMPS_MEMALIGN=64  -DMPICH_SKIP_MPICXX -DOMPI_SKIP_MPICXX=1    -c ../bond_zero.cpp
mpiicpc -cxx=icpx -g -O3   -DLAMMPS_GZIP -DLAMMPS_MEMALIGN=64  -DMPICH_SKIP_MPICXX -DOMPI_SKIP_MPICXX=1    -c ../pair_dpd.cpp
mpiicpc -cxx=icpx -g -O3   -DLAMMPS_GZIP -DLAMMPS_MEMALIGN=64  -DMPICH_SKIP_MPICXX -DOMPI_SKIP_MPICXX=1    -c ../pair_lj_cut_coul_dsf.cpp
mpiicpc -cxx=icpx -g -O3   -DLAMMPS_GZIP -DLAMMPS_MEMALIGN=64  -DMPICH_SKIP_MPICXX -DOMPI_SKIP_MPICXX=1    -c ../compute_pressure.cpp
mpiicpc -cxx=icpx -g -O3   -DLAMMPS_GZIP -DLAMMPS_MEMALIGN=64  -DMPICH_SKIP_MPICXX -DOMPI_SKIP_MPICXX=1    -c ../dump_movie.cpp
mpiicpc -cxx=icpx -g -O3   -DLAMMPS_GZIP -DLAMMPS_MEMALIGN=64  -DMPICH_SKIP_MPICXX -DOMPI_SKIP_MPICXX=1    -c ../nstencil_half_multi_2d_newton_tri.cpp
mpiicpc -cxx=icpx -g -O3   -DLAMMPS_GZIP -DLAMMPS_MEMALIGN=64  -DMPICH_SKIP_MPICXX -DOMPI_SKIP_MPICXX=1    -c ../fix_nvt_sllod.cpp
mpiicpc -cxx=icpx -g -O3   -DLAMMPS_GZIP -DLAMMPS_MEMALIGN=64  -DMPICH_SKIP_MPICXX -DOMPI_SKIP_MPICXX=1    -c ../ntopo_improper_template.cpp
mpiicpc -cxx=icpx -g -O3   -DLAMMPS_GZIP -DLAMMPS_MEMALIGN=64  -DMPICH_SKIP_MPICXX -DOMPI_SKIP_MPICXX=1    -c ../pair_agni.cpp
mpiicpc -cxx=icpx -g -O3   -DLAMMPS_GZIP -DLAMMPS_MEMALIGN=64  -DMPICH_SKIP_MPICXX -DOMPI_SKIP_MPICXX=1    -c ../fix_tmd.cpp
mpiicpc -cxx=icpx -g -O3   -DLAMMPS_GZIP -DLAMMPS_MEMALIGN=64  -DMPICH_SKIP_MPICXX -DOMPI_SKIP_MPICXX=1    -c ../compute_property_local.cpp
mpiicpc -cxx=icpx -g -O3   -DLAMMPS_GZIP -DLAMMPS_MEMALIGN=64  -DMPICH_SKIP_MPICXX -DOMPI_SKIP_MPICXX=1    -c ../pair_srp.cpp
mpiicpc -cxx=icpx -g -O3   -DLAMMPS_GZIP -DLAMMPS_MEMALIGN=64  -DMPICH_SKIP_MPICXX -DOMPI_SKIP_MPICXX=1    -c ../npair_half_bin_atomonly_newton.cpp
mpiicpc -cxx=icpx -g -O3   -DLAMMPS_GZIP -DLAMMPS_MEMALIGN=64  -DMPICH_SKIP_MPICXX -DOMPI_SKIP_MPICXX=1    -c ../pair_buck_coul_cut.cpp
mpiicpc -cxx=icpx -g -O3   -DLAMMPS_GZIP -DLAMMPS_MEMALIGN=64  -DMPICH_SKIP_MPICXX -DOMPI_SKIP_MPICXX=1    -c ../force.cpp
mpiicpc -cxx=icpx -g -O3   -DLAMMPS_GZIP -DLAMMPS_MEMALIGN=64  -DMPICH_SKIP_MPICXX -DOMPI_SKIP_MPICXX=1    -c ../modify.cpp
mpiicpc -cxx=icpx -g -O3   -DLAMMPS_GZIP -DLAMMPS_MEMALIGN=64  -DMPICH_SKIP_MPICXX -DOMPI_SKIP_MPICXX=1    -c ../pair_soft.cpp
mpiicpc -cxx=icpx -g -O3   -DLAMMPS_GZIP -DLAMMPS_MEMALIGN=64  -DMPICH_SKIP_MPICXX -DOMPI_SKIP_MPICXX=1    -c ../nstencil_full_multi_3d.cpp
mpiicpc -cxx=icpx -g -O3   -DLAMMPS_GZIP -DLAMMPS_MEMALIGN=64  -DMPICH_SKIP_MPICXX -DOMPI_SKIP_MPICXX=1    -c ../library.cpp
mpiicpc -cxx=icpx -g -O3   -DLAMMPS_GZIP -DLAMMPS_MEMALIGN=64  -DMPICH_SKIP_MPICXX -DOMPI_SKIP_MPICXX=1    -c ../pair_dpd_tstat.cpp
mpiicpc -cxx=icpx -g -O3   -DLAMMPS_GZIP -DLAMMPS_MEMALIGN=64  -DMPICH_SKIP_MPICXX -DOMPI_SKIP_MPICXX=1    -c ../fix_spring_self.cpp
mpiicpc -cxx=icpx -g -O3   -DLAMMPS_GZIP -DLAMMPS_MEMALIGN=64  -DMPICH_SKIP_MPICXX -DOMPI_SKIP_MPICXX=1    -c ../fix_nve_noforce.cpp
mpiicpc -cxx=icpx -g -O3   -DLAMMPS_GZIP -DLAMMPS_MEMALIGN=64  -DMPICH_SKIP_MPICXX -DOMPI_SKIP_MPICXX=1    -c ../pair_hybrid.cpp
mpiicpc -cxx=icpx -g -O3   -DLAMMPS_GZIP -DLAMMPS_MEMALIGN=64  -DMPICH_SKIP_MPICXX -DOMPI_SKIP_MPICXX=1    -c ../dihedral.cpp
mpiicpc -cxx=icpx -g -O3   -DLAMMPS_GZIP -DLAMMPS_MEMALIGN=64  -DMPICH_SKIP_MPICXX -DOMPI_SKIP_MPICXX=1    -c ../angle_hybrid.cpp
mpiicpc -cxx=icpx -g -O3   -DLAMMPS_GZIP -DLAMMPS_MEMALIGN=64  -DMPICH_SKIP_MPICXX -DOMPI_SKIP_MPICXX=1    -c ../compute_angle.cpp
mpiicpc -cxx=icpx -g -O3   -DLAMMPS_GZIP -DLAMMPS_MEMALIGN=64  -DMPICH_SKIP_MPICXX -DOMPI_SKIP_MPICXX=1    -c ../fix_shear_history.cpp
mpiicpc -cxx=icpx -g -O3   -DLAMMPS_GZIP -DLAMMPS_MEMALIGN=64  -DMPICH_SKIP_MPICXX -DOMPI_SKIP_MPICXX=1    -c ../dihedral_fourier.cpp
mpiicpc -cxx=icpx -g -O3   -DLAMMPS_GZIP -DLAMMPS_MEMALIGN=64  -DMPICH_SKIP_MPICXX -DOMPI_SKIP_MPICXX=1    -c ../compute_pe_atom.cpp
mpiicpc -cxx=icpx -g -O3   -DLAMMPS_GZIP -DLAMMPS_MEMALIGN=64  -DMPICH_SKIP_MPICXX -DOMPI_SKIP_MPICXX=1    -c ../npair_skip_size_off2on.cpp
mpiicpc -cxx=icpx -g -O3   -DLAMMPS_GZIP -DLAMMPS_MEMALIGN=64  -DMPICH_SKIP_MPICXX -DOMPI_SKIP_MPICXX=1    -c ../min_hftn.cpp
mpiicpc -cxx=icpx -g -O3   -DLAMMPS_GZIP -DLAMMPS_MEMALIGN=64  -DMPICH_SKIP_MPICXX -DOMPI_SKIP_MPICXX=1    -c ../compute_temp_sphere.cpp
mpiicpc -cxx=icpx -g -O3   -DLAMMPS_GZIP -DLAMMPS_MEMALIGN=64  -DMPICH_SKIP_MPICXX -DOMPI_SKIP_MPICXX=1    -c ../pair_zero.cpp
mpiicpc -cxx=icpx -g -O3   -DLAMMPS_GZIP -DLAMMPS_MEMALIGN=64  -DMPICH_SKIP_MPICXX -DOMPI_SKIP_MPICXX=1    -c ../compute_heat_flux.cpp
mpiicpc -cxx=icpx -g -O3   -DLAMMPS_GZIP -DLAMMPS_MEMALIGN=64  -DMPICH_SKIP_MPICXX -DOMPI_SKIP_MPICXX=1    -c ../compute_temp_region.cpp
mpiicpc -cxx=icpx -g -O3   -DLAMMPS_GZIP -DLAMMPS_MEMALIGN=64  -DMPICH_SKIP_MPICXX -DOMPI_SKIP_MPICXX=1    -c ../angle_zero.cpp
mpiicpc -cxx=icpx -g -O3   -DLAMMPS_GZIP -DLAMMPS_MEMALIGN=64  -DMPICH_SKIP_MPICXX -DOMPI_SKIP_MPICXX=1    -c ../fix_wall_region_ees.cpp
mpiicpc -cxx=icpx -g -O3   -DLAMMPS_GZIP -DLAMMPS_MEMALIGN=64  -DMPICH_SKIP_MPICXX -DOMPI_SKIP_MPICXX=1    -c ../pair_mie_cut.cpp
mpiicpc -cxx=icpx -g -O3   -DLAMMPS_GZIP -DLAMMPS_MEMALIGN=64  -DMPICH_SKIP_MPICXX -DOMPI_SKIP_MPICXX=1    -c ../atom_vec.cpp
mpiicpc -cxx=icpx -g -O3   -DLAMMPS_GZIP -DLAMMPS_MEMALIGN=64  -DMPICH_SKIP_MPICXX -DOMPI_SKIP_MPICXX=1    -c ../bond_hybrid.cpp
mpiicpc -cxx=icpx -g -O3   -DLAMMPS_GZIP -DLAMMPS_MEMALIGN=64  -DMPICH_SKIP_MPICXX -DOMPI_SKIP_MPICXX=1    -c ../compute_dihedral_local.cpp
mpiicpc -cxx=icpx -g -O3   -DLAMMPS_GZIP -DLAMMPS_MEMALIGN=64  -DMPICH_SKIP_MPICXX -DOMPI_SKIP_MPICXX=1    -c ../compute_stress_atom.cpp
mpiicpc -cxx=icpx -g -O3   -DLAMMPS_GZIP -DLAMMPS_MEMALIGN=64  -DMPICH_SKIP_MPICXX -DOMPI_SKIP_MPICXX=1    -c ../fix_respa.cpp
mpiicpc -cxx=icpx -g -O3   -DLAMMPS_GZIP -DLAMMPS_MEMALIGN=64  -DMPICH_SKIP_MPICXX -DOMPI_SKIP_MPICXX=1    -c ../improper.cpp
mpiicpc -cxx=icpx -g -O3   -DLAMMPS_GZIP -DLAMMPS_MEMALIGN=64  -DMPICH_SKIP_MPICXX -DOMPI_SKIP_MPICXX=1    -c ../pair_tersoff_table.cpp
mpiicpc -cxx=icpx -g -O3   -DLAMMPS_GZIP -DLAMMPS_MEMALIGN=64  -DMPICH_SKIP_MPICXX -DOMPI_SKIP_MPICXX=1    -c ../npair_half_size_nsq_newton.cpp
mpiicpc -cxx=icpx -g -O3   -DLAMMPS_GZIP -DLAMMPS_MEMALIGN=64  -DMPICH_SKIP_MPICXX -DOMPI_SKIP_MPICXX=1    -c ../compute_pressure_grem.cpp
mpiicpc -cxx=icpx -g -O3   -DLAMMPS_GZIP -DLAMMPS_MEMALIGN=64  -DMPICH_SKIP_MPICXX -DOMPI_SKIP_MPICXX=1    -c ../dump_local.cpp
mpiicpc -cxx=icpx -g -O3   -DLAMMPS_GZIP -DLAMMPS_MEMALIGN=64  -DMPICH_SKIP_MPICXX -DOMPI_SKIP_MPICXX=1    -c ../pair_coul_streitz.cpp
mpiicpc -cxx=icpx -g -O3   -DLAMMPS_GZIP -DLAMMPS_MEMALIGN=64  -DMPICH_SKIP_MPICXX -DOMPI_SKIP_MPICXX=1    -c ../nstencil_full_bin_2d.cpp
mpiicpc -cxx=icpx -g -O3   -DLAMMPS_GZIP -DLAMMPS_MEMALIGN=64  -DMPICH_SKIP_MPICXX -DOMPI_SKIP_MPICXX=1    -c ../dump_image.cpp
mpiicpc -cxx=icpx -g -O3   -DLAMMPS_GZIP -DLAMMPS_MEMALIGN=64  -DMPICH_SKIP_MPICXX -DOMPI_SKIP_MPICXX=1    -c ../npair_half_size_bin_newton.cpp
mpiicpc -cxx=icpx -g -O3   -DLAMMPS_GZIP -DLAMMPS_MEMALIGN=64  -DMPICH_SKIP_MPICXX -DOMPI_SKIP_MPICXX=1    -c ../npair_half_respa_bin_newton.cpp
mpiicpc -cxx=icpx -g -O3   -DLAMMPS_GZIP -DLAMMPS_MEMALIGN=64  -DMPICH_SKIP_MPICXX -DOMPI_SKIP_MPICXX=1    -c ../compute_temp_ramp.cpp
mpiicpc -cxx=icpx -g -O3   -DLAMMPS_GZIP -DLAMMPS_MEMALIGN=64  -DMPICH_SKIP_MPICXX -DOMPI_SKIP_MPICXX=1    -c ../fix_ttm_mod.cpp
mpiicpc -cxx=icpx -g -O3   -DLAMMPS_GZIP -DLAMMPS_MEMALIGN=64  -DMPICH_SKIP_MPICXX -DOMPI_SKIP_MPICXX=1    -c ../compute_temp.cpp
mpiicpc -cxx=icpx -g -O3   -DLAMMPS_GZIP -DLAMMPS_MEMALIGN=64  -DMPICH_SKIP_MPICXX -DOMPI_SKIP_MPICXX=1    -c ../fix_wall_ees.cpp
mpiicpc -cxx=icpx -g -O3   -DLAMMPS_GZIP -DLAMMPS_MEMALIGN=64  -DMPICH_SKIP_MPICXX -DOMPI_SKIP_MPICXX=1    -c ../nbin_standard.cpp
mpiicpc -cxx=icpx -g -O3   -DLAMMPS_GZIP -DLAMMPS_MEMALIGN=64  -DMPICH_SKIP_MPICXX -DOMPI_SKIP_MPICXX=1    -c ../npair_half_multi_newtoff.cpp
mpiicpc -cxx=icpx -g -O3   -DLAMMPS_GZIP -DLAMMPS_MEMALIGN=64  -DMPICH_SKIP_MPICXX -DOMPI_SKIP_MPICXX=1    -c ../npair_half_nsq_newtoff.cpp
mpiicpc -cxx=icpx -g -O3   -DLAMMPS_GZIP -DLAMMPS_MEMALIGN=64  -DMPICH_SKIP_MPICXX -DOMPI_SKIP_MPICXX=1    -c ../delete_atoms.cpp
mpiicpc -cxx=icpx -g -O3   -DLAMMPS_GZIP -DLAMMPS_MEMALIGN=64  -DMPICH_SKIP_MPICXX -DOMPI_SKIP_MPICXX=1    -c ../fix_heat.cpp
mpiicpc -cxx=icpx -g -O3   -DLAMMPS_GZIP -DLAMMPS_MEMALIGN=64  -DMPICH_SKIP_MPICXX -DOMPI_SKIP_MPICXX=1    -c ../compute_dihedral.cpp
mpiicpc -cxx=icpx -g -O3   -DLAMMPS_GZIP -DLAMMPS_MEMALIGN=64  -DMPICH_SKIP_MPICXX -DOMPI_SKIP_MPICXX=1    -c ../delete_bonds.cpp
mpiicpc -cxx=icpx -g -O3   -DLAMMPS_GZIP -DLAMMPS_MEMALIGN=64  -DMPICH_SKIP_MPICXX -DOMPI_SKIP_MPICXX=1    -c ../dihedral_cosine_shift_exp.cpp
mpiicpc -cxx=icpx -g -O3   -DLAMMPS_GZIP -DLAMMPS_MEMALIGN=64  -DMPICH_SKIP_MPICXX -DOMPI_SKIP_MPICXX=1    -c ../compute_ke.cpp
mpiicpc -cxx=icpx -g -O3   -DLAMMPS_GZIP -DLAMMPS_MEMALIGN=64  -DMPICH_SKIP_MPICXX -DOMPI_SKIP_MPICXX=1    -c ../compute_bond_local.cpp
mpiicpc -cxx=icpx -g -O3   -DLAMMPS_GZIP -DLAMMPS_MEMALIGN=64  -DMPICH_SKIP_MPICXX -DOMPI_SKIP_MPICXX=1    -c ../fix_dt_reset.cpp
mpiicpc -cxx=icpx -g -O3   -DLAMMPS_GZIP -DLAMMPS_MEMALIGN=64  -DMPICH_SKIP_MPICXX -DOMPI_SKIP_MPICXX=1    -c ../read_restart.cpp
mpiicpc -cxx=icpx -g -O3   -DLAMMPS_GZIP -DLAMMPS_MEMALIGN=64  -DMPICH_SKIP_MPICXX -DOMPI_SKIP_MPICXX=1    -c ../nstencil_half_bin_3d_newton.cpp
mpiicpc -cxx=icpx -g -O        compute_cnp_atom.o compute_cluster_atom.o npair_half_respa_bin_newtoff.o pair_born_coul_dsf.o dihedral_nharmonic.o compute_erotate_sphere.o npair_skip.o fix_external.o math_special.o finish.o variable.o image.o pair_momb.o fix_ave_histo.o bond.o displace_atoms.o reader_xyz.o pair_morse_smooth_linear.o fix_viscous.o fix_deform.o bond_harmonic_shift.o atom.o nstencil_half_multi_2d_newton.o fix_wall_harmonic.o compute_chunk_atom.o npair_half_size_bin_newtoff.o math_extra.o nstencil_half_bin_3d_newtoff.o npair_half_size_nsq_newtoff.o pair_buck.o min.o fix_drag.o fix_ave_correlate_long.o temper_grem.o compute_rdf.o npair_full_multi.o fix_setforce.o lattice.o write_dump.o npair_full_nsq.o input.o npair_full_bin_atomonly.o compute_angle_local.o pair_buck_mdf.o region_plane.o npair_halffull_newton.o fix_nph_sphere.o fix_lineforce.o fix_wall_region.o min_fire.o create_box.o pair_lj_expand.o fix_wall.o pair_d3.o nstencil_half_ghost_bin_2d_newtoff.o update.o pair_lj_gromacs_coul_gromacs.o atom_vec_line.o fix_nph.o pair_lj96_cut.o fix_wall_lj1043.o pair_beck.o compute_pair_local.o imbalance_var.o compute_vacf.o fix_filter_corotate.o npair_half_bin_newton_tri.o nbin.o create_bonds.o fix_addforce.o write_data.o fix_ave_histo_weight.o pair_meam_sw_spline.o fix_store_force.o universe.o fix_nvk.o compute_vcm_chunk.o compute_temp_profile.o compute_property_chunk.o compute_coord_atom.o special.o pair_coul_diel.o compute_ke_atom.o respa.o dihedral_quadratic.o npair_copy.o fix_ave_time.o compute_temp_chunk.o fix_minimize.o ntopo_improper_all.o angle_quartic.o pair_gauss.o change_box.o angle_fourier_simple.o region_prism.o atom_vec_body.o compute_omega_chunk.o npair_full_bin_ghost.o fix_spring.o nstencil_full_multi_2d.o pair_hybrid_overlay.o comm.o npair_half_respa_nsq_newton.o atom_vec_sphere.o run.o group.o fix_flow_gauss.o dump_xyz.o fix_balance.o fix_nvt.o pair_coul_wolf.o pair_coul_debye.o fix_nve_limit.o fix_temp_berendsen.o ntopo_angle_all.o pair_born.o fix_ave_chunk.o compute_msd.o memory.o fix_addtorque.o fix_aveforce.o fix_spring_rg.o npair_half_nsq_newton.o compute_com_chunk.o rerun.o nstencil_half_multi_3d_newton.o npair_half_multi_newton_tri.o min_linesearch.o fix_move.o fix_nve_sphere.o region_cone.o fix_imd.o create_atoms.o imbalance_neigh.o ntopo.o atom_map.o replicate.o ntopo_angle_partial.o fix_nve.o fix_read_restart.o compute_com.o timer.o improper_hybrid.o fix_store.o nstencil_half_ghost_bin_3d_newtoff.o npair_halffull_newtoff.o min_quickmin.o pair_coul_dsf.o npair_full_nsq_ghost.o improper_zero.o compute_contact_atom.o region_sphere.o compute_temp_rotate.o pair_list.o dihedral_spherical.o fix_langevin.o compute_angmom_chunk.o body.o npair_full_bin.o fix_planeforce.o fix_ave_correlate.o compute_msd_chunk.o compute_cna_atom.o pair_gauss_cut.o ntopo_angle_template.o compute_reduce.o fix_store_state.o pair_lj_smooth.o region.o ntopo_dihedral_partial.o fix_temp_csld.o improper_ring.o angle_fourier.o fix_spring_chunk.o fix_deprecated.o region_union.o fix_temp_rescale.o neighbor.o fix_nvt_sphere.o pair_table.o fix_vector.o read_dump.o write_restart.o compute_ackland_atom.o compute_temp_deform.o fix_temp_csvr.o write_coeff.o neigh_list.o velocity.o min_cg.o fix_halt.o procmap.o imbalance_time.o angle_cosine_shift.o imbalance_store.o fix_wall_reflect.o fix_indent.o npair_half_respa_nsq_newtoff.o compute_erotate_sphere_atom.o improper_cossq.o rcb.o balance.o fix_property_atom.o nstencil_half_bin_2d_newton.o compute_slice.o fix.o atom_vec_charge.o random_mars.o pair_lj_cubic.o compute_displace_atom.o npair.o npair_half_bin_newton.o dump.o main.o npair_half_size_bin_newton_tri.o npair_half_respa_bin_newton_tri.o nstencil_half_multi_3d_newtoff.o thermo.o compute_improper_local.o lammps.o ntopo_dihedral_all.o bond_harmonic_shift_cut.o pair_morse.o citeme.o region_intersect.o atom_vec_hybrid.o random_park.o set.o fix_npt_sphere.o region_cylinder.o pair_hybrid_scaled.o dihedral_table.o pair_lj_gromacs.o fix_momentum.o compute_torque_chunk.o pair.o angle.o compute_inertia_chunk.o nstencil_half_bin_3d_newton_tri.o fix_group.o fix_npt.o compute_improper.o nstencil_half_bin_2d_newtoff.o fix_grem.o improper_fourier.o pair_lj_mdf.o compute_property_atom.o compute.o fix_pimd.o dump_dcd.o min_sd.o verlet.o kspace.o pair_meam_spline.o integrate.o compute_temp_com.o atom_vec_ellipsoid.o pair_coul_cut.o fix_adapt.o pair_yukawa.o pair_kolmogorov_crespi_z.o nstencil_full_ghost_bin_3d.o pair_edip.o npair_half_multi_newton.o reader_native.o atom_vec_atomic.o fix_restrain.o nstencil_full_bin_3d.o dihedral_hybrid.o compute_reduce_region.o dump_atom.o compute_orientorder_atom.o region_block.o dihedral_zero.o ntopo_bond_all.o pair_runner.o python.o fix_ave_atom.o fix_wall_lj126.o info.o pair_edip_multi.o atom_vec_tri.o compute_gyration_chunk.o fix_ipi.o irregular.o npair_skip_size_off2on_oneside.o nstencil_half_multi_3d_newton_tri.o npair_half_bin_newtoff_ghost.o pair_lennard_mdf.o improper_distance.o nstencil_half_multi_2d_newtoff.o minimize.o fix_nh_sphere.o fix_recenter.o fix_wall_lj93.o compute_basal_atom.o reader.o pair_lj_cut.o fix_box_relax.o pair_lj_cut_coul_debye.o imbalance.o compute_group_group.o fix_ti_spring.o pair_born_coul_wolf.o compute_centro_atom.o compute_dipole_chunk.o fix_smd.o compute_pair.o pair_lj_sf_dipole_sf.o fix_nh.o compute_hexorder_atom.o output.o nstencil_half_bin_2d_newton_tri.o neigh_request.o domain.o fix_controller.o compute_temp_partial.o angle_dipole.o fix_enforce2d.o dump_custom.o fix_gravity.o compute_pe.o compute_gyration.o imbalance_group.o nstencil.o npair_skip_size.o npair_skip_respa.o molecule.o pair_lj_smooth_linear.o compute_bond.o pair_zbl.o error.o ntopo_bond_partial.o dump_cfg.o nstencil_full_ghost_bin_2d.o comm_brick.o compute_global_atom.o pair_lj_cut_coul_cut.o fix_srp.o ntopo_improper_partial.o npair_half_nsq_newtoff_ghost.o npair_half_bin_newtoff.o comm_tiled.o fix_press_berendsen.o read_data.o fix_gle.o fix_print.o angle_cosine_shift_exp.o ntopo_bond_template.o ntopo_dihedral_template.o bond_zero.o pair_dpd.o pair_lj_cut_coul_dsf.o compute_pressure.o dump_movie.o nstencil_half_multi_2d_newton_tri.o fix_nvt_sllod.o ntopo_improper_template.o pair_agni.o fix_tmd.o compute_property_local.o pair_srp.o npair_half_bin_atomonly_newton.o pair_buck_coul_cut.o force.o modify.o pair_soft.o nstencil_full_multi_3d.o library.o pair_dpd_tstat.o fix_spring_self.o fix_nve_noforce.o pair_hybrid.o dihedral.o angle_hybrid.o compute_angle.o fix_shear_history.o dihedral_fourier.o compute_pe_atom.o npair_skip_size_off2on.o min_hftn.o compute_temp_sphere.o pair_zero.o compute_heat_flux.o compute_temp_region.o angle_zero.o fix_wall_region_ees.o pair_mie_cut.o atom_vec.o bond_hybrid.o compute_dihedral_local.o compute_stress_atom.o fix_respa.o improper.o pair_tersoff_table.o npair_half_size_nsq_newton.o compute_pressure_grem.o dump_local.o pair_coul_streitz.o nstencil_full_bin_2d.o dump_image.o npair_half_size_bin_newton.o npair_half_respa_bin_newton.o compute_temp_ramp.o fix_ttm_mod.o compute_temp.o fix_wall_ees.o nbin_standard.o npair_half_multi_newtoff.o npair_half_nsq_newtoff.o delete_atoms.o fix_heat.o compute_dihedral.o delete_bonds.o dihedral_cosine_shift_exp.o compute_ke.o compute_bond_local.o fix_dt_reset.o read_restart.o nstencil_half_bin_3d_newton.o       -o ../lmp_mpi_leo_dcgp
size ../lmp_mpi_leo_dcgp
   text	   data	    bss	    dec	    hex	filename
5078461	  18256	   3312	5100029	 4dd1fd	../lmp_mpi_leo_dcgp
make[1]: Leaving directory '/leonardo/home/userexternal/fgiulian/programs/LAMMPS_2017_mod/src/Obj_mpi_leo_dcgp'
